#
# A fatal error has been detected by the Java Runtime Environment:
#
#  EXCEPTION_ACCESS_VIOLATION (0xc0000005) at pc=0x0000000002b85ee3, pid=5556, tid=4848
#
# JRE version: Java(TM) SE Runtime Environment (7.0_51-b13) (build 1.7.0_51-b13)
# Java VM: Java HotSpot(TM) 64-Bit Server VM (24.51-b03 mixed mode windows-amd64 compressed oops)
# Problematic frame:
# J  ca.odell.glazedlists.impl.filter.TextMatchers.matches(Ljava/util/List;Lca/odell/glazedlists/TextFilterator;[Lca/odell/glazedlists/impl/filter/SearchTerm;[Lca/odell/glazedlists/impl/filter/TextSearchStrategy;Ljava/lang/Object;)Z
#
# Failed to write core dump. Minidumps are not enabled by default on client versions of Windows
#
# If you would like to submit a bug report, please visit:
#   http://bugreport.sun.com/bugreport/crash.jsp
#

---------------  T H R E A D  ---------------

Current thread (0x000000000b9a0000):  JavaThread "AWT-EventQueue-0" [_thread_in_Java, id=4848, stack(0x000000000f300000,0x000000000f400000)]

siginfo: ExceptionCode=0xc0000005, reading address 0x00000002fd1a5a56

Registers:
RAX=0x00000000ffffffff, RBX=0x0000000000000100, RCX=0x0000000000000005, RDX=0x0000000000000000
RSP=0x000000000f3f7b70, RBP=0x00000000fcfb3df8, RSI=0x0000000000000005, RDI=0x00000000ffffffff
R8 =0x00000000ffffffff, R9 =0x00000000fd1a5a48, R10=0x0000000000000000, R11=0x00000000ffffffff
R12=0x0000000000000000, R13=0x00000000ee10f5c8, R14=0x00000000fd1caa48, R15=0x000000000b9a0000
RIP=0x0000000002b85ee3, EFLAGS=0x0000000000010246

Top of Stack: (sp=0x000000000f3f7b70)
0x000000000f3f7b70:   00000000ed522c48 00000000eaf27218
0x000000000f3f7b80:   0000000000000000 000000000f3f7ba0
0x000000000f3f7b90:   00000000fd1a5128 00000000fcfb3df8
0x000000000f3f7ba0:   00000000fd1a5568 00000000fd572570
0x000000000f3f7bb0:   0000000000000001 0000000100000000
0x000000000f3f7bc0:   fd1a5a28fd1a5598 00000000fcfb3df8
0x000000000f3f7bd0:   00000000fd1a5598 0000000400000024
0x000000000f3f7be0:   00000000fd1a5580 00000000fd1a5128
0x000000000f3f7bf0:   00000000fd1a55c0 0000000000000049
0x000000000f3f7c00:   0000000300000000 00000000fd1a5598
0x000000000f3f7c10:   00000000fd573378 00000000fd573390
0x000000000f3f7c20:   00000000ee16b440 0000000000000000
0x000000000f3f7c30:   000000000f3f7cb0 00000000025b63f0
0x000000000f3f7c40:   00000000025b63f0 00000000fd572570
0x000000000f3f7c50:   00000000fd1a5580 00000000fd1a5568
0x000000000f3f7c60:   00000000fcfb3df8 00000000fd1a5128 

Instructions: (pc=0x0000000002b85ee3)
0x0000000002b85ec3:   8b c3 8b bc 24 8c 00 00 00 89 bc 24 90 00 00 00
0x0000000002b85ed3:   e9 41 fe ff ff 41 b8 ff ff ff ff e9 33 f7 ff ff
0x0000000002b85ee3:   45 0f b7 5c 41 10 8b bc 24 8c 00 00 00 83 c7 fe
0x0000000002b85ef3:   89 bc 24 8c 00 00 00 85 c0 0f 8e 77 0b 00 00 44 


Register to memory mapping:

RAX=0x00000000ffffffff is an unknown value
RBX=0x0000000000000100 is an unknown value
RCX=0x0000000000000005 is an unknown value
RDX=0x0000000000000000 is an unknown value
RSP=0x000000000f3f7b70 is pointing into the stack for thread: 0x000000000b9a0000
RBP=0x00000000fcfb3df8 is an oop
ca.odell.glazedlists.impl.beans.BeanTextFilterator 
 - klass: 'ca/odell/glazedlists/impl/beans/BeanTextFilterator'
RSI=0x0000000000000005 is an unknown value
RDI=0x00000000ffffffff is an unknown value
R8 =0x00000000ffffffff is an unknown value
R9 =0x00000000fd1a5a48 is an oop
[C 
 - klass: {type array char}
 - length: 5
R10=0x0000000000000000 is an unknown value
R11=0x00000000ffffffff is an unknown value
R12=0x0000000000000000 is an unknown value
R13=0x00000000ee10f5c8 is an oop
{instance class} 
 - klass: {other class}
R14=0x00000000fd1caa48 is an oop
[Ljava.lang.Object; 
 - klass: 'java/lang/Object'[]
 - length: 10
R15=0x000000000b9a0000 is a thread


Stack: [0x000000000f300000,0x000000000f400000],  sp=0x000000000f3f7b70,  free space=990k
Native frames: (J=compiled Java code, j=interpreted, Vv=VM code, C=native code)
J  ca.odell.glazedlists.impl.filter.TextMatchers.matches(Ljava/util/List;Lca/odell/glazedlists/TextFilterator;[Lca/odell/glazedlists/impl/filter/SearchTerm;[Lca/odell/glazedlists/impl/filter/TextSearchStrategy;Ljava/lang/Object;)Z


---------------  P R O C E S S  ---------------

Java Threads: ( => current thread )
  0x0000000009869000 JavaThread "SwingWorker-pool-1-thread-9" daemon [_thread_blocked, id=7060, stack(0x00000000143e0000,0x00000000144e0000)]
  0x000000000986b000 JavaThread "Image Fetcher 0" daemon [_thread_blocked, id=6860, stack(0x00000000114f0000,0x00000000115f0000)]
  0x000000000986c000 JavaThread "SwingWorker-pool-1-thread-8" daemon [_thread_blocked, id=6276, stack(0x0000000013500000,0x0000000013600000)]
  0x000000000986a800 JavaThread "SwingWorker-pool-1-thread-7" daemon [_thread_blocked, id=3480, stack(0x0000000013ba0000,0x0000000013ca0000)]
  0x0000000009869800 JavaThread "SwingWorker-pool-1-thread-6" daemon [_thread_blocked, id=6552, stack(0x0000000013aa0000,0x0000000013ba0000)]
  0x0000000009868000 JavaThread "SwingWorker-pool-1-thread-5" daemon [_thread_blocked, id=3996, stack(0x0000000013390000,0x0000000013490000)]
  0x000000000b917800 JavaThread "SwingWorker-pool-1-thread-4" daemon [_thread_blocked, id=5620, stack(0x0000000012650000,0x0000000012750000)]
  0x000000000b918000 JavaThread "pool-2-thread-1" [_thread_blocked, id=6780, stack(0x0000000012a80000,0x0000000012b80000)]
  0x000000000b916800 JavaThread "SwingWorker-pool-1-thread-3" daemon [_thread_blocked, id=5704, stack(0x0000000011340000,0x0000000011440000)]
  0x000000000b914800 JavaThread "MySQL Statement Cancellation Timer" daemon [_thread_blocked, id=6228, stack(0x000000000ceb0000,0x000000000cfb0000)]
  0x000000000b913800 JavaThread "Timer-0" daemon [_thread_blocked, id=4628, stack(0x0000000011660000,0x0000000011760000)]
  0x000000000b913000 JavaThread "memotyMonitor" daemon [_thread_blocked, id=6664, stack(0x00000000109f0000,0x0000000010af0000)]
  0x000000000b912000 JavaThread "D3D Screen Updater" daemon [_thread_blocked, id=2472, stack(0x0000000010b10000,0x0000000010c10000)]
  0x000000000b911800 JavaThread "DestroyJavaVM" [_thread_blocked, id=6680, stack(0x00000000024b0000,0x00000000025b0000)]
  0x0000000009c01000 JavaThread "SwingWorker-pool-1-thread-2" daemon [_thread_blocked, id=7044, stack(0x000000000fbc0000,0x000000000fcc0000)]
  0x0000000009b56000 JavaThread "TimerQueue" daemon [_thread_blocked, id=1460, stack(0x000000000f7d0000,0x000000000f8d0000)]
  0x0000000009965800 JavaThread "SwingWorker-pool-1-thread-1" daemon [_thread_blocked, id=6220, stack(0x000000000f4f0000,0x000000000f5f0000)]
  0x0000000008f36000 JavaThread "Thread-3" daemon [_thread_blocked, id=6176, stack(0x000000000fa20000,0x000000000fb20000)]
  0x0000000009aca800 JavaThread "Thread-2" daemon [_thread_blocked, id=1404, stack(0x000000000f5f0000,0x000000000f6f0000)]
=>0x000000000b9a0000 JavaThread "AWT-EventQueue-0" [_thread_in_Java, id=4848, stack(0x000000000f300000,0x000000000f400000)]
  0x0000000008e9b800 JavaThread "AWT-Shutdown" [_thread_blocked, id=6588, stack(0x000000000f190000,0x000000000f290000)]
  0x000000000913c800 JavaThread "AWT-Windows" daemon [_thread_in_native, id=6564, stack(0x000000000c780000,0x000000000c880000)]
  0x0000000008807000 JavaThread "Java2D Disposer" daemon [_thread_blocked, id=1268, stack(0x0000000008830000,0x0000000008930000)]
  0x0000000006927000 JavaThread "Service Thread" daemon [_thread_blocked, id=6472, stack(0x00000000081d0000,0x00000000082d0000)]
  0x000000000691d800 JavaThread "C2 CompilerThread1" daemon [_thread_blocked, id=6408, stack(0x0000000008310000,0x0000000008410000)]
  0x0000000006918800 JavaThread "C2 CompilerThread0" daemon [_thread_blocked, id=7092, stack(0x00000000080b0000,0x00000000081b0000)]
  0x0000000006918000 JavaThread "Attach Listener" daemon [_thread_blocked, id=3800, stack(0x0000000007c10000,0x0000000007d10000)]
  0x0000000006910800 JavaThread "Signal Dispatcher" daemon [_thread_blocked, id=3884, stack(0x0000000007f30000,0x0000000008030000)]
  0x00000000068be800 JavaThread "Finalizer" daemon [_thread_blocked, id=1184, stack(0x0000000007d80000,0x0000000007e80000)]
  0x00000000068b5800 JavaThread "Reference Handler" daemon [_thread_blocked, id=3616, stack(0x0000000007990000,0x0000000007a90000)]

Other Threads:
  0x00000000068b0800 VMThread [stack: 0x0000000007af0000,0x0000000007bf0000] [id=1504]
  0x0000000008447000 WatcherThread [stack: 0x00000000089c0000,0x0000000008ac0000] [id=2884]

VM state:not at safepoint (normal execution)

VM Mutex/Monitor currently owned by a thread: None

Heap
 PSYoungGen      total 67072K, used 58792K [0x00000000faa80000, 0x0000000100000000, 0x0000000100000000)
  eden space 55808K, 85% used [0x00000000faa80000,0x00000000fd94d450,0x00000000fe100000)
  from space 11264K, 96% used [0x00000000fe100000,0x00000000feb9ce10,0x00000000fec00000)
  to   space 16384K, 0% used [0x00000000ff000000,0x00000000ff000000,0x0000000100000000)
 ParOldGen       total 101376K, used 80060K [0x00000000f0000000, 0x00000000f6300000, 0x00000000faa80000)
  object space 101376K, 78% used [0x00000000f0000000,0x00000000f4e2f040,0x00000000f6300000)
 PSPermGen       total 83968K, used 54864K [0x00000000eae00000, 0x00000000f0000000, 0x00000000f0000000)
  object space 83968K, 65% used [0x00000000eae00000,0x00000000ee394268,0x00000000f0000000)

Card table byte_map: [0x00000000021b0000,0x0000000002260000] byte_map_base: 0x0000000001a59000

Polling page: 0x0000000000430000

Code Cache  [0x00000000025b0000, 0x0000000002c00000, 0x00000000055b0000)
 total_blobs=2836 nmethods=2201 adapters=585 free_code_cache=42797Kb largest_free_block=43722944

Compilation events (10 events):
Event: 543.998 Thread 0x0000000006918800 nmethod 2454 0x0000000002beb850 code [0x0000000002beb980, 0x0000000002beb9d8]
Event: 543.999 Thread 0x0000000006918800 2455             org.hibernate.impl.SessionFactoryImpl::getCollectionPersister (47 bytes)
Event: 544.002 Thread 0x000000000691d800 nmethod 2452 0x0000000002bfb010 code [0x0000000002bfb200, 0x0000000002bfc378]
Event: 544.002 Thread 0x000000000691d800 2456             org.hibernate.util.IdentityMap::entryList (86 bytes)
Event: 544.004 Thread 0x0000000006918800 nmethod 2455 0x0000000002bf10d0 code [0x0000000002bf1240, 0x0000000002bf1708]
Event: 544.004 Thread 0x0000000006918800 2457             org.hibernate.util.IdentityMap$IdentityMapEntry::getValue (5 bytes)
Event: 544.004 Thread 0x0000000006918800 nmethod 2457 0x0000000002bf1e10 code [0x0000000002bf1f40, 0x0000000002bf1f98]
Event: 544.004 Thread 0x0000000006918800 2458             org.hibernate.util.IdentityMap$IdentityMapEntry::getKey (5 bytes)
Event: 544.004 Thread 0x0000000006918800 nmethod 2458 0x0000000002bf1b50 code [0x0000000002bf1c80, 0x0000000002bf1cd8]
Event: 544.011 Thread 0x000000000691d800 nmethod 2456 0x0000000002bf22d0 code [0x0000000002bf2480, 0x0000000002bf2ca8]

GC Heap History (10 events):
Event: 100.207 GC heap before
{Heap before GC invocations=47 (full 2):
 PSYoungGen      total 69632K, used 69605K [0x00000000faa80000, 0x0000000100000000, 0x0000000100000000)
  eden space 58880K, 100% used [0x00000000faa80000,0x00000000fe400000,0x00000000fe400000)
  from space 10752K, 99% used [0x00000000ff580000,0x00000000ffff96c8,0x0000000100000000)
  to   space 14336K, 0% used [0x00000000fe400000,0x00000000fe400000,0x00000000ff200000)
 ParOldGen       total 101376K, used 74326K [0x00000000f0000000, 0x00000000f6300000, 0x00000000faa80000)
  object space 101376K, 73% used [0x00000000f0000000,0x00000000f4895950,0x00000000f6300000)
 PSPermGen       total 83968K, used 52773K [0x00000000eae00000, 0x00000000f0000000, 0x00000000f0000000)
  object space 83968K, 62% used [0x00000000eae00000,0x00000000ee189670,0x00000000f0000000)
Event: 100.229 GC heap after
Heap after GC invocations=47 (full 2):
 PSYoungGen      total 69120K, used 9874K [0x00000000faa80000, 0x0000000100000000, 0x0000000100000000)
  eden space 58880K, 0% used [0x00000000faa80000,0x00000000faa80000,0x00000000fe400000)
  from space 10240K, 96% used [0x00000000fe400000,0x00000000feda49f8,0x00000000fee00000)
  to   space 14848K, 0% used [0x00000000ff180000,0x00000000ff180000,0x0000000100000000)
 ParOldGen       total 101376K, used 80060K [0x00000000f0000000, 0x00000000f6300000, 0x00000000faa80000)
  object space 101376K, 78% used [0x00000000f0000000,0x00000000f4e2f040,0x00000000f6300000)
 PSPermGen       total 83968K, used 52773K [0x00000000eae00000, 0x00000000f0000000, 0x00000000f0000000)
  object space 83968K, 62% used [0x00000000eae00000,0x00000000ee189670,0x00000000f0000000)
}
Event: 405.926 GC heap before
{Heap before GC invocations=48 (full 2):
 PSYoungGen      total 69120K, used 68754K [0x00000000faa80000, 0x0000000100000000, 0x0000000100000000)
  eden space 58880K, 100% used [0x00000000faa80000,0x00000000fe400000,0x00000000fe400000)
  from space 10240K, 96% used [0x00000000fe400000,0x00000000feda49f8,0x00000000fee00000)
  to   space 14848K, 0% used [0x00000000ff180000,0x00000000ff180000,0x0000000100000000)
 ParOldGen       total 101376K, used 80060K [0x00000000f0000000, 0x00000000f6300000, 0x00000000faa80000)
  object space 101376K, 78% used [0x00000000f0000000,0x00000000f4e2f040,0x00000000f6300000)
 PSPermGen       total 83968K, used 53057K [0x00000000eae00000, 0x00000000f0000000, 0x00000000f0000000)
  object space 83968K, 63% used [0x00000000eae00000,0x00000000ee1d05f8,0x00000000f0000000)
Event: 405.935 GC heap after
Heap after GC invocations=48 (full 2):
 PSYoungGen      total 71680K, used 9081K [0x00000000faa80000, 0x0000000100000000, 0x0000000100000000)
  eden space 56832K, 0% used [0x00000000faa80000,0x00000000faa80000,0x00000000fe200000)
  from space 14848K, 61% used [0x00000000ff180000,0x00000000ffa5e488,0x0000000100000000)
  to   space 15360K, 0% used [0x00000000fe200000,0x00000000fe200000,0x00000000ff100000)
 ParOldGen       total 101376K, used 80060K [0x00000000f0000000, 0x00000000f6300000, 0x00000000faa80000)
  object space 101376K, 78% used [0x00000000f0000000,0x00000000f4e2f040,0x00000000f6300000)
 PSPermGen       total 83968K, used 53057K [0x00000000eae00000, 0x00000000f0000000, 0x00000000f0000000)
  object space 83968K, 63% used [0x00000000eae00000,0x00000000ee1d05f8,0x00000000f0000000)
}
Event: 442.825 GC heap before
{Heap before GC invocations=49 (full 2):
 PSYoungGen      total 71680K, used 65913K [0x00000000faa80000, 0x0000000100000000, 0x0000000100000000)
  eden space 56832K, 100% used [0x00000000faa80000,0x00000000fe200000,0x00000000fe200000)
  from space 14848K, 61% used [0x00000000ff180000,0x00000000ffa5e488,0x0000000100000000)
  to   space 15360K, 0% used [0x00000000fe200000,0x00000000fe200000,0x00000000ff100000)
 ParOldGen       total 101376K, used 80060K [0x00000000f0000000, 0x00000000f6300000, 0x00000000faa80000)
  object space 101376K, 78% used [0x00000000f0000000,0x00000000f4e2f040,0x00000000f6300000)
 PSPermGen       total 83968K, used 53853K [0x00000000eae00000, 0x00000000f0000000, 0x00000000f0000000)
  object space 83968K, 64% used [0x00000000eae00000,0x00000000ee297570,0x00000000f0000000)
Event: 442.843 GC heap after
Heap after GC invocations=49 (full 2):
 PSYoungGen      total 72192K, used 8904K [0x00000000faa80000, 0x00000000fff80000, 0x0000000100000000)
  eden space 56832K, 0% used [0x00000000faa80000,0x00000000faa80000,0x00000000fe200000)
  from space 15360K, 57% used [0x00000000fe200000,0x00000000feab2030,0x00000000ff100000)
  to   space 14848K, 0% used [0x00000000ff100000,0x00000000ff100000,0x00000000fff80000)
 ParOldGen       total 101376K, used 80060K [0x00000000f0000000, 0x00000000f6300000, 0x00000000faa80000)
  object space 101376K, 78% used [0x00000000f0000000,0x00000000f4e2f040,0x00000000f6300000)
 PSPermGen       total 83968K, used 53853K [0x00000000eae00000, 0x00000000f0000000, 0x00000000f0000000)
  object space 83968K, 64% used [0x00000000eae00000,0x00000000ee297570,0x00000000f0000000)
}
Event: 489.719 GC heap before
{Heap before GC invocations=50 (full 2):
 PSYoungGen      total 72192K, used 65736K [0x00000000faa80000, 0x00000000fff80000, 0x0000000100000000)
  eden space 56832K, 100% used [0x00000000faa80000,0x00000000fe200000,0x00000000fe200000)
  from space 15360K, 57% used [0x00000000fe200000,0x00000000feab2030,0x00000000ff100000)
  to   space 14848K, 0% used [0x00000000ff100000,0x00000000ff100000,0x00000000fff80000)
 ParOldGen       total 101376K, used 80060K [0x00000000f0000000, 0x00000000f6300000, 0x00000000faa80000)
  object space 101376K, 78% used [0x00000000f0000000,0x00000000f4e2f040,0x00000000f6300000)
 PSPermGen       total 83968K, used 54608K [0x00000000eae00000, 0x00000000f0000000, 0x00000000f0000000)
  object space 83968K, 65% used [0x00000000eae00000,0x00000000ee354198,0x00000000f0000000)
Event: 489.728 GC heap after
Heap after GC invocations=50 (full 2):
 PSYoungGen      total 70656K, used 11025K [0x00000000faa80000, 0x0000000100000000, 0x0000000100000000)
  eden space 55808K, 0% used [0x00000000faa80000,0x00000000faa80000,0x00000000fe100000)
  from space 14848K, 74% used [0x00000000ff100000,0x00000000ffbc4748,0x00000000fff80000)
  to   space 15872K, 0% used [0x00000000fe100000,0x00000000fe100000,0x00000000ff080000)
 ParOldGen       total 101376K, used 80060K [0x00000000f0000000, 0x00000000f6300000, 0x00000000faa80000)
  object space 101376K, 78% used [0x00000000f0000000,0x00000000f4e2f040,0x00000000f6300000)
 PSPermGen       total 83968K, used 54608K [0x00000000eae00000, 0x00000000f0000000, 0x00000000f0000000)
  object space 83968K, 65% used [0x00000000eae00000,0x00000000ee354198,0x00000000f0000000)
}
Event: 513.558 GC heap before
{Heap before GC invocations=51 (full 2):
 PSYoungGen      total 70656K, used 66833K [0x00000000faa80000, 0x0000000100000000, 0x0000000100000000)
  eden space 55808K, 100% used [0x00000000faa80000,0x00000000fe100000,0x00000000fe100000)
  from space 14848K, 74% used [0x00000000ff100000,0x00000000ffbc4748,0x00000000fff80000)
  to   space 15872K, 0% used [0x00000000fe100000,0x00000000fe100000,0x00000000ff080000)
 ParOldGen       total 101376K, used 80060K [0x00000000f0000000, 0x00000000f6300000, 0x00000000faa80000)
  object space 101376K, 78% used [0x00000000f0000000,0x00000000f4e2f040,0x00000000f6300000)
 PSPermGen       total 83968K, used 54696K [0x00000000eae00000, 0x00000000f0000000, 0x00000000f0000000)
  object space 83968K, 65% used [0x00000000eae00000,0x00000000ee36a120,0x00000000f0000000)
Event: 513.567 GC heap after
Heap after GC invocations=51 (full 2):
 PSYoungGen      total 67072K, used 10867K [0x00000000faa80000, 0x0000000100000000, 0x0000000100000000)
  eden space 55808K, 0% used [0x00000000faa80000,0x00000000faa80000,0x00000000fe100000)
  from space 11264K, 96% used [0x00000000fe100000,0x00000000feb9ce10,0x00000000fec00000)
  to   space 16384K, 0% used [0x00000000ff000000,0x00000000ff000000,0x0000000100000000)
 ParOldGen       total 101376K, used 80060K [0x00000000f0000000, 0x00000000f6300000, 0x00000000faa80000)
  object space 101376K, 78% used [0x00000000f0000000,0x00000000f4e2f040,0x00000000f6300000)
 PSPermGen       total 83968K, used 54696K [0x00000000eae00000, 0x00000000f0000000, 0x00000000f0000000)
  object space 83968K, 65% used [0x00000000eae00000,0x00000000ee36a120,0x00000000f0000000)
}

Deoptimization events (10 events):
Event: 513.592 Thread 0x000000000b9a0000 Uncommon trap: reason=unreached action=reinterpret pc=0x0000000002ab151c method=sun.awt.image.SunVolatileImage.getFont()Ljava/awt/Font; @ 19
Event: 513.592 Thread 0x000000000b9a0000 Uncommon trap: reason=unreached action=reinterpret pc=0x0000000002a5954c method=sun.java2d.SunGraphics2D.validateColor()V @ 38
Event: 513.592 Thread 0x000000000b9a0000 Uncommon trap: reason=unreached action=reinterpret pc=0x0000000002784a9c method=sun.java2d.SunGraphics2D.validateColor()V @ 38
Event: 513.592 Thread 0x000000000b9a0000 Uncommon trap: reason=unreached action=reinterpret pc=0x0000000002ac0500 method=sun.awt.image.VolatileSurfaceManager.validate(Ljava/awt/GraphicsConfiguration;)I @ 180
Event: 513.606 Thread 0x000000000b9a0000 Uncommon trap: reason=class_check action=maybe_recompile pc=0x0000000002bc58b0 method=sun.java2d.SurfaceData.getSourceSurfaceData(Ljava/awt/Image;ILsun/java2d/loops/CompositeType;Ljava/awt/Color;)Lsun/java2d/SurfaceData; @ 78
Event: 527.688 Thread 0x000000000b9a0000 Uncommon trap: reason=class_check action=maybe_recompile pc=0x0000000002abd418 method=java.awt.EventDispatchThread.pumpEventsForFilter(ILjava/awt/Conditional;Ljava/awt/EventFilter;)V @ 25
Event: 533.980 Thread 0x000000000b9a0000 Uncommon trap: reason=class_check action=maybe_recompile pc=0x0000000002abd418 method=java.awt.EventDispatchThread.pumpEventsForFilter(ILjava/awt/Conditional;Ljava/awt/EventFilter;)V @ 25
Event: 539.213 Thread 0x000000000b9a0000 Uncommon trap: reason=unreached action=reinterpret pc=0x00000000027b9010 method=javax.swing.JComponent.paintImmediately(IIII)V @ 125
Event: 539.213 Thread 0x000000000b9a0000 Uncommon trap: reason=unreached action=reinterpret pc=0x00000000029c152c method=javax.swing.JComponent.rectangleIsObscured(IIII)Z @ 100
Event: 539.213 Thread 0x000000000b9a0000 Uncommon trap: reason=unreached action=reinterpret pc=0x0000000002b8f17c method=javax.swing.JComponent.paintChildren(Ljava/awt/Graphics;)V @ 447

Internal exceptions (10 events):
Event: 486.862 Thread 0x000000000986a800 Threw 0x00000000fdf40c68 at C:\re\jdk7u51\527\hotspot\src\share\vm\prims\jvm.cpp:1244
Event: 491.410 Thread 0x000000000b9a0000 Implicit null exception at 0x0000000002b25cf8 to 0x0000000002b25f85
Event: 512.231 Thread 0x000000000b9a0000 Threw 0x00000000fdc0b8f8 at C:\re\jdk7u51\527\hotspot\src\share\vm\prims\jvm.cpp:1244
Event: 512.232 Thread 0x000000000b9a0000 Threw 0x00000000fdc16170 at C:\re\jdk7u51\527\hotspot\src\share\vm\prims\jvm.cpp:1244
Event: 512.232 Thread 0x000000000b9a0000 Threw 0x00000000fdc16a10 at C:\re\jdk7u51\527\hotspot\src\share\vm\prims\jvm.cpp:1244
Event: 512.232 Thread 0x000000000b9a0000 Threw 0x00000000fdc21288 at C:\re\jdk7u51\527\hotspot\src\share\vm\prims\jvm.cpp:1244
Event: 512.232 Thread 0x000000000b9a0000 Threw 0x00000000fdc21b28 at C:\re\jdk7u51\527\hotspot\src\share\vm\prims\jvm.cpp:1244
Event: 512.232 Thread 0x000000000b9a0000 Threw 0x00000000fdc292a8 at C:\re\jdk7u51\527\hotspot\src\share\vm\prims\jvm.cpp:1244
Event: 512.232 Thread 0x000000000b9a0000 Threw 0x00000000fdc29ab8 at C:\re\jdk7u51\527\hotspot\src\share\vm\prims\jvm.cpp:1244
Event: 512.233 Thread 0x000000000b9a0000 Threw 0x00000000fdc31238 at C:\re\jdk7u51\527\hotspot\src\share\vm\prims\jvm.cpp:1244

Events (10 events):
Event: 543.000 Thread 0x0000000009869000 Thread exited: 0x0000000009869000
Event: 543.264 Thread 0x0000000009869000 Thread added: 0x0000000009869000
Event: 543.264 Executing VM operation: RevokeBias
Event: 543.264 Executing VM operation: RevokeBias done
Event: 543.264 Thread 0x0000000009869000 Thread exited: 0x0000000009869000
Event: 543.336 Thread 0x0000000009869000 Thread added: 0x0000000009869000
Event: 543.336 Executing VM operation: RevokeBias
Event: 543.336 Executing VM operation: RevokeBias done
Event: 543.336 Thread 0x0000000009869000 Thread exited: 0x0000000009869000
Event: 543.888 Thread 0x0000000009869000 Thread added: 0x0000000009869000


Dynamic libraries:
0x000000013ff40000 - 0x000000013ff73000 	C:\Program Files\Java\jdk1.7.0_51\bin\javaw.exe
0x0000000077850000 - 0x00000000779f9000 	C:\Windows\SYSTEM32\ntdll.dll
0x00000000774e0000 - 0x00000000775ff000 	C:\Windows\system32\kernel32.dll
0x000007fefdf70000 - 0x000007fefdfdb000 	C:\Windows\system32\KERNELBASE.dll
0x000007feff600000 - 0x000007feff6db000 	C:\Windows\system32\ADVAPI32.dll
0x000007feff8c0000 - 0x000007feff95f000 	C:\Windows\system32\msvcrt.dll
0x000007fefe490000 - 0x000007fefe4af000 	C:\Windows\SYSTEM32\sechost.dll
0x000007fefe220000 - 0x000007fefe34d000 	C:\Windows\system32\RPCRT4.dll
0x0000000077600000 - 0x00000000776fa000 	C:\Windows\system32\USER32.dll
0x000007feff960000 - 0x000007feff9c7000 	C:\Windows\system32\GDI32.dll
0x000007fefe350000 - 0x000007fefe35e000 	C:\Windows\system32\LPK.dll
0x000007fefe370000 - 0x000007fefe439000 	C:\Windows\system32\USP10.dll
0x000007fefc690000 - 0x000007fefc884000 	C:\Windows\WinSxS\amd64_microsoft.windows.common-controls_6595b64144ccf1df_6.0.7601.17514_none_fa396087175ac9ac\COMCTL32.dll
0x000007feffae0000 - 0x000007feffb51000 	C:\Windows\system32\SHLWAPI.dll
0x000007feff9d0000 - 0x000007feff9fe000 	C:\Windows\system32\IMM32.DLL
0x000007fefe6c0000 - 0x000007fefe7c9000 	C:\Windows\system32\MSCTF.dll
0x00000000676d0000 - 0x00000000677a2000 	C:\Program Files\Java\jdk1.7.0_51\jre\bin\msvcr100.dll
0x0000000066f00000 - 0x00000000676c9000 	C:\Program Files\Java\jdk1.7.0_51\jre\bin\server\jvm.dll
0x000007fefade0000 - 0x000007fefade9000 	C:\Windows\system32\WSOCK32.dll
0x000007fefe440000 - 0x000007fefe48d000 	C:\Windows\system32\WS2_32.dll
0x000007fefe360000 - 0x000007fefe368000 	C:\Windows\system32\NSI.dll
0x000007fefb3f0000 - 0x000007fefb42b000 	C:\Windows\system32\WINMM.dll
0x0000000077a10000 - 0x0000000077a17000 	C:\Windows\system32\PSAPI.DLL
0x0000000071a90000 - 0x0000000071a9f000 	C:\Program Files\Java\jdk1.7.0_51\jre\bin\verify.dll
0x0000000066ed0000 - 0x0000000066ef8000 	C:\Program Files\Java\jdk1.7.0_51\jre\bin\java.dll
0x0000000066eb0000 - 0x0000000066ec5000 	C:\Program Files\Java\jdk1.7.0_51\jre\bin\zip.dll
0x0000000072060000 - 0x00000000721f5000 	C:\Program Files\Java\jdk1.7.0_51\jre\bin\awt.dll
0x000007feffa00000 - 0x000007feffad7000 	C:\Windows\system32\OLEAUT32.dll
0x000007fefe4b0000 - 0x000007fefe6b3000 	C:\Windows\system32\ole32.dll
0x000007fefc630000 - 0x000007fefc686000 	C:\Windows\system32\uxtheme.dll
0x000007fef1350000 - 0x000007fef1424000 	c:\Program Files\Hewlett-Packard\HP ProtectTools Security Manager\Bin\DpoFeedb.dll
0x000007fefd060000 - 0x000007fefd06c000 	C:\Windows\system32\VERSION.dll
0x000007fefd0d0000 - 0x000007fefd0ee000 	C:\Windows\system32\USERENV.dll
0x000007fefdcb0000 - 0x000007fefdcbf000 	C:\Windows\system32\profapi.dll
0x000007fefc0d0000 - 0x000007fefc0e8000 	C:\Windows\system32\dwmapi.dll
0x000007fefdbe0000 - 0x000007fefdbef000 	C:\Windows\system32\CRYPTBASE.dll
0x000007fef1430000 - 0x000007fef1466000 	c:\Program Files\Hewlett-Packard\HP ProtectTools Security Manager\Bin\DpoSet.dll
0x0000000074160000 - 0x0000000074233000 	C:\Windows\WinSxS\amd64_microsoft.vc90.crt_1fc8b3b9a1e18e3b_9.0.30729.6161_none_08e61857a83bc251\MSVCP90.dll
0x0000000074ba0000 - 0x0000000074c43000 	C:\Windows\WinSxS\amd64_microsoft.vc90.crt_1fc8b3b9a1e18e3b_9.0.30729.6161_none_08e61857a83bc251\MSVCR90.dll
0x000007fefd580000 - 0x000007fefd597000 	C:\Windows\system32\CRYPTSP.dll
0x000007fefd280000 - 0x000007fefd2c7000 	C:\Windows\system32\rsaenh.dll
0x0000000066e90000 - 0x0000000066ea9000 	C:\Program Files\Java\jdk1.7.0_51\jre\bin\net.dll
0x000007fefd520000 - 0x000007fefd575000 	C:\Windows\system32\mswsock.dll
0x000007fefd510000 - 0x000007fefd517000 	C:\Windows\System32\wship6.dll
0x000007fefb900000 - 0x000007fefb915000 	C:\Windows\system32\NLAapi.dll
0x000007fef9f90000 - 0x000007fef9fa5000 	C:\Windows\system32\napinsp.dll
0x000007fef9f50000 - 0x000007fef9f69000 	C:\Windows\system32\pnrpnsp.dll
0x000007fefd3a0000 - 0x000007fefd3fb000 	C:\Windows\system32\DNSAPI.dll
0x000007fef9f80000 - 0x000007fef9f8b000 	C:\Windows\System32\winrnr.dll
0x0000000074a30000 - 0x0000000074a56000 	C:\Program Files\Bonjour\mdnsNSP.dll
0x000007fefb7d0000 - 0x000007fefb7f7000 	C:\Windows\system32\Iphlpapi.DLL
0x000007fefb7c0000 - 0x000007fefb7cb000 	C:\Windows\system32\WINNSI.DLL
0x000007fefcde0000 - 0x000007fefcde7000 	C:\Windows\System32\wshtcpip.dll
0x000007fefa520000 - 0x000007fefa528000 	C:\Windows\system32\rasadhlp.dll
0x000007fefb650000 - 0x000007fefb6a3000 	C:\Windows\System32\fwpuclnt.dll
0x0000000066e70000 - 0x0000000066e81000 	C:\Program Files\Java\jdk1.7.0_51\jre\bin\nio.dll
0x000007fefe7d0000 - 0x000007feff558000 	C:\Windows\system32\SHELL32.dll
0x00000000722c0000 - 0x0000000072307000 	C:\Program Files\Java\jdk1.7.0_51\jre\bin\fontmanager.dll
0x000007feeabc0000 - 0x000007feeadbf000 	C:\Windows\system32\d3d9.dll
0x000007fefafa0000 - 0x000007fefafa7000 	C:\Windows\system32\d3d8thk.dll
0x000007fee68b0000 - 0x000007fee74a7000 	C:\Windows\system32\nvd3dumx.dll
0x000007fefbd40000 - 0x000007fefbd6c000 	C:\Windows\system32\powrprof.dll
0x000007feff6e0000 - 0x000007feff8b7000 	C:\Windows\system32\SETUPAPI.dll
0x000007fefdd80000 - 0x000007fefddb6000 	C:\Windows\system32\CFGMGR32.dll
0x000007fefdd60000 - 0x000007fefdd7a000 	C:\Windows\system32\DEVOBJ.dll
0x0000000072010000 - 0x0000000072051000 	C:\Program Files\Java\jdk1.7.0_51\jre\bin\t2k.dll
0x00000000722b0000 - 0x00000000722bb000 	C:\Program Files\Java\jdk1.7.0_51\jre\bin\management.dll
0x00000000677c0000 - 0x00000000677e4000 	C:\Program Files\Java\jdk1.7.0_51\jre\bin\sunec.dll
0x0000000071be0000 - 0x0000000071beb000 	C:\Program Files\Java\jdk1.7.0_51\jre\bin\sunmscapi.dll
0x000007fefde00000 - 0x000007fefdf67000 	C:\Windows\system32\CRYPT32.dll
0x000007fefdd50000 - 0x000007fefdd5f000 	C:\Windows\system32\MSASN1.dll
0x000007fefe180000 - 0x000007fefe219000 	C:\Windows\system32\CLBCatQ.DLL
0x000007fefbf60000 - 0x000007fefc08a000 	C:\Windows\system32\WindowsCodecs.dll
0x000007fefdb80000 - 0x000007fefdbd7000 	C:\Windows\system32\apphelp.dll
0x0000000070670000 - 0x0000000070686000 	C:\Program Files\Common Files\TortoiseOverlays\TortoiseOverlays.dll
0x0000000071a50000 - 0x0000000071a60000 	C:\Program Files\TortoiseSVN\bin\TortoiseStub.dll
0x00000000705a0000 - 0x000000007061b000 	C:\Program Files\TortoiseSVN\bin\TortoiseSVN.dll
0x0000000077380000 - 0x00000000774da000 	C:\Windows\system32\WININET.dll
0x0000000077a20000 - 0x0000000077a23000 	C:\Windows\system32\Normaliz.dll
0x0000000077170000 - 0x000000007737d000 	C:\Windows\system32\iertutil.dll
0x0000000077700000 - 0x000000007784d000 	C:\Windows\system32\urlmon.dll
0x000007fef62c0000 - 0x000007fef668e000 	C:\Program Files\TortoiseSVN\bin\libsvn_tsvn.dll
0x0000000070540000 - 0x000000007056b000 	C:\Program Files\TortoiseSVN\bin\libapr_tsvn.dll
0x0000000070410000 - 0x0000000070451000 	C:\Program Files\TortoiseSVN\bin\libaprutil_tsvn.dll
0x000007fefe080000 - 0x000007fefe0d2000 	C:\Windows\system32\WLDAP32.dll
0x000007fef61c0000 - 0x000007fef61d0000 	C:\Program Files\TortoiseSVN\bin\intl3_tsvn.dll
0x000007fef61a0000 - 0x000007fef61ba000 	C:\Program Files\TortoiseSVN\bin\libsasl.dll
0x000007fefd9a0000 - 0x000007fefd9ab000 	C:\Windows\system32\Secur32.dll
0x000007fefdb50000 - 0x000007fefdb75000 	C:\Windows\system32\SSPICLI.DLL
0x0000000070370000 - 0x0000000070408000 	C:\Windows\system32\MSVCP100.dll
0x000007fef6160000 - 0x000007fef6195000 	C:\Windows\system32\EhStorShell.dll
0x000007fefc0f0000 - 0x000007fefc21c000 	C:\Windows\system32\PROPSYS.dll
0x000007fef60e0000 - 0x000007fef615e000 	C:\Windows\System32\cscui.dll
0x000007fef60d0000 - 0x000007fef60dc000 	C:\Windows\System32\CSCDLL.dll
0x000007fef9e00000 - 0x000007fef9e0f000 	C:\Windows\system32\CSCAPI.dll
0x0000000071fe0000 - 0x000000007200a000 	C:\Program Files\Java\jdk1.7.0_51\jre\bin\dcpr.dll
0x000007fefb620000 - 0x000007fefb631000 	C:\Windows\system32\dhcpcsvc6.DLL
0x000007fefb5a0000 - 0x000007fefb5b8000 	C:\Windows\system32\dhcpcsvc.DLL
0x000007fef72c0000 - 0x000007fef7360000 	C:\Windows\WinSxS\amd64_microsoft.windows.common-controls_6595b64144ccf1df_5.82.7601.17514_none_a4d6a923711520a9\comctl32.dll

VM Arguments:
jvm_args: -Xmx256m -Dluxor.kernell.enabled=false -Dsw3.sucursal.local=3 -Dsw3.pedidos.sucursal.row=3 -Dcfd.pk.path=z:/cfd/cert -Dcfd.cer.path=z:/cfd/cert -Dcfd.dir.path=c:/cfd/xml -Dcfd.xslt.path=z:/cfdi/sat/cadenaoriginal_3_2.xslt -Djdbc.url=jdbc:mysql://localhost/produccion -DsucursalOrigen=TACUBA -Dsw3.reports.path=file:z:/Reportes_MySQL/ -Dfile.encoding=Cp1252 
java_command: com.luxsoft.siipap.pos.ui.Pos
Launcher Type: SUN_STANDARD

Environment Variables:
JAVA_HOME=C:\Program Files\Java\jdk1.7.0_51
PATH=C:\Program Files (x86)\CollabNet\Subversion Client;C:\Program Files\Java\jdk1.7.0_51\BIN;C:\luxsofnet\springsource\apache-maven-3.0.3\BIN;C:\Windows\system32;C:\Windows;C:\Windows\System32\Wbem;C:\Windows\System32\WindowsPowerShell\v1.0\;c:\Program Files (x86)\Hewlett-Packard\HP ProtectTools Security Manager\Bin\;c:\Program Files\Intel\DMIX;C:\Program Files (x86)\Intel\Services\IPT\;;C:\springsource\spring-roo-1.2.2.RELEASE\bin;C:\Program Files\TortoiseSVN\bin;C:\grails\grails-2.3.6\bin;C:\luxsofnet\software\xmlbeans-2.5.0\bin;C:\Program Files (x86)\GnuWin32\bin;C:\software\apache-tomcat-7.0.32\bin;C:\Program Files\SlikSvn\bin;C:\Program Files (x86)\MySQL\MySQL Server 5.0\bin;c:\Program Files (x86)\Microsoft SQL Server\100\Tools\Binn\;c:\Program Files\Microsoft SQL Server\100\Tools\Binn\;c:\Program Files\Microsoft SQL Server\100\DTS\Binn\
USERNAME=RUBEN
OS=Windows_NT
PROCESSOR_IDENTIFIER=Intel64 Family 6 Model 42 Stepping 7, GenuineIntel



---------------  S Y S T E M  ---------------

OS: Windows 7 , 64 bit Build 7601 Service Pack 1

CPU:total 4 (4 cores per cpu, 1 threads per core) family 6 model 42 stepping 7, cmov, cx8, fxsr, mmx, sse, sse2, sse3, ssse3, sse4.1, sse4.2, popcnt, avx, aes, tsc, tscinvbit

Memory: 4k page, physical 4151328k(852820k free), swap 8300812k(2628976k free)

vm_info: Java HotSpot(TM) 64-Bit Server VM (24.51-b03) for windows-amd64 JRE (1.7.0_51-b13), built on Dec 18 2013 18:40:56 by "java_re" with unknown MS VC++:1600

time: Fri Jul 03 15:16:36 2015
elapsed time: 544 seconds

