#
# A fatal error has been detected by the Java Runtime Environment:
#
#  EXCEPTION_ACCESS_VIOLATION (0xc0000005) at pc=0x0000000002a8ec84, pid=7120, tid=4288
#
# JRE version: Java(TM) SE Runtime Environment (7.0_51-b13) (build 1.7.0_51-b13)
# Java VM: Java HotSpot(TM) 64-Bit Server VM (24.51-b03 mixed mode windows-amd64 compressed oops)
# Problematic frame:
# J  ca.odell.glazedlists.impl.filter.TextMatchers.matches(Ljava/util/List;Lca/odell/glazedlists/TextFilterator;[Lca/odell/glazedlists/impl/filter/SearchTerm;[Lca/odell/glazedlists/impl/filter/TextSearchStrategy;Ljava/lang/Object;)Z
#
# Failed to write core dump. Minidumps are not enabled by default on client versions of Windows
#
# If you would like to submit a bug report, please visit:
#   http://bugreport.sun.com/bugreport/crash.jsp
#

---------------  T H R E A D  ---------------

Current thread (0x000000000917c800):  JavaThread "AWT-EventQueue-0" [_thread_in_Java, id=4288, stack(0x000000000d760000,0x000000000d860000)]

siginfo: ExceptionCode=0xc0000005, reading address 0x00000002fcfbad16

Registers:
RAX=0x0000000000000000, RBX=0x00000000ffffffff, RCX=0x00000000ffffffff, RDX=0x0000000000000005
RSP=0x000000000d857170, RBP=0x00000000fcfba3e8, RSI=0x00000000fcfddf08, RDI=0x0000000000000005
R8 =0x0000000000000100, R9 =0x00000000ffffffff, R10=0x00000000ffffffff, R11=0x00000000fcfbad08
R12=0x0000000000000000, R13=0x00000000fd3583a8, R14=0x00000000fd3583c0, R15=0x000000000917c800
RIP=0x0000000002a8ec84, EFLAGS=0x0000000000010246

Top of Stack: (sp=0x000000000d857170)
0x000000000d857170:   000000000d8571d8 00000000024a62d3
0x000000000d857180:   000000000000006d 00000000fcfdec90
0x000000000d857190:   00000000fcfba3e8 00000000fce828c8
0x000000000d8571a0:   0000000000000001 00000000fce828c8
0x000000000d8571b0:   00000000fd3575a0 0000000100000000
0x000000000d8571c0:   00000000fcfba828 fcfbace8fcfba858
0x000000000d8571d0:   00000000fcfba858 0000000400000024
0x000000000d8571e0:   00000000fcfba840 00000000fcfba3e8
0x000000000d8571f0:   00000000fcfba880 0000000000000049
0x000000000d857200:   0000000300000000 00000000fcfba858
0x000000000d857210:   0000000000000000 00000000fcfddf40
0x000000000d857220:   00000000fce815f0 00000000fce815f0
0x000000000d857230:   000000000d8572b8 00000000027919dc
0x000000000d857240:   000000000d8572b0 00000000024a6981
0x000000000d857250:   000000000d8572b8 00000000024a6a9e
0x000000000d857260:   00000000024a6a9e 00000000fd3575a0 

Instructions: (pc=0x0000000002a8ec84)
0x0000000002a8ec64:   5e 0e 44 89 8c 24 88 00 00 00 85 05 8c 13 0c ff
0x0000000002a8ec74:   44 8b ce 44 8b 94 24 a0 00 00 00 e9 24 fe ff ff
0x0000000002a8ec84:   45 0f b7 4c 5b 10 44 8b 94 24 8c 00 00 00 41 83
0x0000000002a8ec94:   c2 fe 41 8b c2 b9 fe ff ff ff 85 db 0f 8e db 0c 


Register to memory mapping:

RAX=0x0000000000000000 is an unknown value
RBX=0x00000000ffffffff is an unknown value
RCX=0x00000000ffffffff is an unknown value
RDX=0x0000000000000005 is an unknown value
RSP=0x000000000d857170 is pointing into the stack for thread: 0x000000000917c800
RBP=0x00000000fcfba3e8 is an oop
java.util.ArrayList 
 - klass: 'java/util/ArrayList'
RSI=0x00000000fcfddf08 is an oop
[Ljava.lang.Object; 
 - klass: 'java/lang/Object'[]
 - length: 10
RDI=0x0000000000000005 is an unknown value
R8 =0x0000000000000100 is an unknown value
R9 =0x00000000ffffffff is an unknown value
R10=0x00000000ffffffff is an unknown value
R11=0x00000000fcfbad08 is an oop
[C 
 - klass: {type array char}
 - length: 5
R12=0x0000000000000000 is an unknown value
R13=0x00000000fd3583a8 is an oop
java.lang.String 
 - klass: 'java/lang/String'
R14=0x00000000fd3583c0 is an oop
[C 
 - klass: {type array char}
 - length: 36
R15=0x000000000917c800 is a thread


Stack: [0x000000000d760000,0x000000000d860000],  sp=0x000000000d857170,  free space=988k
Native frames: (J=compiled Java code, j=interpreted, Vv=VM code, C=native code)
J  ca.odell.glazedlists.impl.filter.TextMatchers.matches(Ljava/util/List;Lca/odell/glazedlists/TextFilterator;[Lca/odell/glazedlists/impl/filter/SearchTerm;[Lca/odell/glazedlists/impl/filter/TextSearchStrategy;Ljava/lang/Object;)Z


---------------  P R O C E S S  ---------------

Java Threads: ( => current thread )
  0x000000000bf0e800 JavaThread "SwingWorker-pool-1-thread-10" daemon [_thread_blocked, id=7516, stack(0x000000000ec00000,0x000000000ed00000)]
  0x000000000bf0d800 JavaThread "SwingWorker-pool-1-thread-9" daemon [_thread_blocked, id=4792, stack(0x0000000012ce0000,0x0000000012de0000)]
  0x000000000bf0d000 JavaThread "SwingWorker-pool-1-thread-8" daemon [_thread_blocked, id=4672, stack(0x0000000016470000,0x0000000016570000)]
  0x000000000bf0c000 JavaThread "SwingWorker-pool-1-thread-7" daemon [_thread_blocked, id=5088, stack(0x00000000158a0000,0x00000000159a0000)]
  0x000000000bf0b800 JavaThread "SwingWorker-pool-1-thread-6" daemon [_thread_blocked, id=6272, stack(0x000000000d150000,0x000000000d250000)]
  0x000000000bf0a800 JavaThread "SwingWorker-pool-1-thread-5" daemon [_thread_blocked, id=6732, stack(0x000000000d270000,0x000000000d370000)]
  0x000000000bf09000 JavaThread "SwingWorker-pool-1-thread-4" daemon [_thread_blocked, id=2608, stack(0x000000000cff0000,0x000000000d0f0000)]
  0x000000000bf0a000 JavaThread "pool-2-thread-1" [_thread_blocked, id=6952, stack(0x00000000159b0000,0x0000000015ab0000)]
  0x000000000bf08800 JavaThread "SwingWorker-pool-1-thread-3" daemon [_thread_blocked, id=5192, stack(0x0000000015010000,0x0000000015110000)]
  0x000000000bf07800 JavaThread "MySQL Statement Cancellation Timer" daemon [_thread_blocked, id=7172, stack(0x0000000012620000,0x0000000012720000)]
  0x000000000bf07000 JavaThread "Timer-0" daemon [_thread_blocked, id=6180, stack(0x00000000124c0000,0x00000000125c0000)]
  0x000000000bf06000 JavaThread "memotyMonitor" daemon [_thread_blocked, id=6276, stack(0x00000000113b0000,0x00000000114b0000)]
  0x000000000bf05800 JavaThread "D3D Screen Updater" daemon [_thread_blocked, id=2484, stack(0x000000000f8e0000,0x000000000f9e0000)]
  0x000000000bf04800 JavaThread "DestroyJavaVM" [_thread_blocked, id=6920, stack(0x00000000023a0000,0x00000000024a0000)]
  0x000000000be37000 JavaThread "SwingWorker-pool-1-thread-2" daemon [_thread_blocked, id=3484, stack(0x000000000f720000,0x000000000f820000)]
  0x0000000009c1b800 JavaThread "TimerQueue" daemon [_thread_blocked, id=5440, stack(0x000000000f500000,0x000000000f600000)]
  0x0000000009cda000 JavaThread "SwingWorker-pool-1-thread-1" daemon [_thread_blocked, id=8104, stack(0x000000000f240000,0x000000000f340000)]
  0x000000000bb8a000 JavaThread "Thread-3" daemon [_thread_blocked, id=2448, stack(0x000000000f3f0000,0x000000000f4f0000)]
  0x000000000bcac800 JavaThread "Thread-2" daemon [_thread_blocked, id=7612, stack(0x000000000f100000,0x000000000f200000)]
=>0x000000000917c800 JavaThread "AWT-EventQueue-0" [_thread_in_Java, id=4288, stack(0x000000000d760000,0x000000000d860000)]
  0x0000000008c41800 JavaThread "AWT-Windows" daemon [_thread_in_native, id=2732, stack(0x000000000c6c0000,0x000000000c7c0000)]
  0x000000000a81b000 JavaThread "AWT-Shutdown" [_thread_blocked, id=6680, stack(0x000000000b490000,0x000000000b590000)]
  0x0000000009d39800 JavaThread "Java2D Disposer" daemon [_thread_blocked, id=7616, stack(0x000000000a280000,0x000000000a380000)]
  0x0000000006830000 JavaThread "Service Thread" daemon [_thread_blocked, id=6500, stack(0x0000000008410000,0x0000000008510000)]
  0x000000000682f000 JavaThread "C2 CompilerThread1" daemon [_thread_blocked, id=8160, stack(0x0000000008230000,0x0000000008330000)]
  0x000000000682a000 JavaThread "C2 CompilerThread0" daemon [_thread_blocked, id=8076, stack(0x0000000008090000,0x0000000008190000)]
  0x0000000006829000 JavaThread "Attach Listener" daemon [_thread_blocked, id=8156, stack(0x0000000007e10000,0x0000000007f10000)]
  0x0000000006822000 JavaThread "Signal Dispatcher" daemon [_thread_blocked, id=7380, stack(0x0000000007c80000,0x0000000007d80000)]
  0x00000000067cc800 JavaThread "Finalizer" daemon [_thread_blocked, id=5840, stack(0x0000000007940000,0x0000000007a40000)]
  0x00000000067c3800 JavaThread "Reference Handler" daemon [_thread_blocked, id=4152, stack(0x0000000007ab0000,0x0000000007bb0000)]

Other Threads:
  0x00000000067be000 VMThread [stack: 0x0000000007830000,0x0000000007930000] [id=3264]
  0x0000000008548800 WatcherThread [stack: 0x0000000007f20000,0x0000000008020000] [id=1556]

VM state:not at safepoint (normal execution)

VM Mutex/Monitor currently owned by a thread: None

Heap
 PSYoungGen      total 68096K, used 57670K [0x00000000faa80000, 0x0000000100000000, 0x0000000100000000)
  eden space 56832K, 81% used [0x00000000faa80000,0x00000000fd7fb7f8,0x00000000fe200000)
  from space 11264K, 98% used [0x00000000fe400000,0x00000000feed6108,0x00000000fef00000)
  to   space 15360K, 0% used [0x00000000ff100000,0x00000000ff100000,0x0000000100000000)
 ParOldGen       total 68096K, used 45734K [0x00000000f0000000, 0x00000000f4280000, 0x00000000faa80000)
  object space 68096K, 67% used [0x00000000f0000000,0x00000000f2ca9900,0x00000000f4280000)
 PSPermGen       total 79872K, used 54380K [0x00000000eae00000, 0x00000000efc00000, 0x00000000f0000000)
  object space 79872K, 68% used [0x00000000eae00000,0x00000000ee31b2c8,0x00000000efc00000)

Card table byte_map: [0x00000000054a0000,0x0000000005550000] byte_map_base: 0x0000000004d49000

Polling page: 0x0000000001b50000

Code Cache  [0x00000000024a0000, 0x0000000002ad0000, 0x00000000054a0000)
 total_blobs=2784 nmethods=2151 adapters=583 free_code_cache=43024Kb largest_free_block=43882752

Compilation events (10 events):
Event: 447.615 Thread 0x000000000682f000 2366             org.hibernate.persister.collection.AbstractCollectionPersister::getCollectionType (5 bytes)
Event: 447.615 Thread 0x000000000682f000 nmethod 2366 0x00000000027b1810 code [0x00000000027b1940, 0x00000000027b1998]
Event: 447.617 Thread 0x000000000682a000 2367             org.hibernate.loader.Loader::transpose (92 bytes)
Event: 447.622 Thread 0x000000000682a000 nmethod 2367 0x0000000002ab4ed0 code [0x0000000002ab5080, 0x0000000002ab56b8]
Event: 447.624 Thread 0x000000000682f000 2368             org.hibernate.util.IdentityMap$IdentityMapEntry::getKey (5 bytes)
Event: 447.624 Thread 0x000000000682a000 2369             org.hibernate.util.IdentityMap$IdentityMapEntry::getValue (5 bytes)
Event: 447.625 Thread 0x000000000682f000 nmethod 2368 0x00000000027b1610 code [0x00000000027b1740, 0x00000000027b1798]
Event: 447.625 Thread 0x000000000682a000 nmethod 2369 0x000000000285bcd0 code [0x000000000285be00, 0x000000000285be58]
Event: 447.636 Thread 0x000000000682a000 2370             org.hibernate.util.IdentityMap::entryList (86 bytes)
Event: 447.645 Thread 0x000000000682a000 nmethod 2370 0x0000000002a5c190 code [0x0000000002a5c340, 0x0000000002a5cb68]

GC Heap History (10 events):
Event: 236.335 GC heap before
{Heap before GC invocations=22 (full 1):
 PSYoungGen      total 75264K, used 70205K [0x00000000faa80000, 0x00000000fff00000, 0x0000000100000000)
  eden space 64000K, 100% used [0x00000000faa80000,0x00000000fe900000,0x00000000fe900000)
  from space 11264K, 55% used [0x00000000ff400000,0x00000000ffa0f648,0x00000000fff00000)
  to   space 11264K, 0% used [0x00000000fe900000,0x00000000fe900000,0x00000000ff400000)
 ParOldGen       total 68096K, used 45710K [0x00000000f0000000, 0x00000000f4280000, 0x00000000faa80000)
  object space 68096K, 67% used [0x00000000f0000000,0x00000000f2ca3900,0x00000000f4280000)
 PSPermGen       total 79872K, used 51722K [0x00000000eae00000, 0x00000000efc00000, 0x00000000f0000000)
  object space 79872K, 64% used [0x00000000eae00000,0x00000000ee082bf8,0x00000000efc00000)
Event: 236.349 GC heap after
Heap after GC invocations=22 (full 1):
 PSYoungGen      total 75264K, used 7812K [0x00000000faa80000, 0x0000000100000000, 0x0000000100000000)
  eden space 64000K, 0% used [0x00000000faa80000,0x00000000faa80000,0x00000000fe900000)
  from space 11264K, 69% used [0x00000000fe900000,0x00000000ff0a10b0,0x00000000ff400000)
  to   space 11776K, 0% used [0x00000000ff480000,0x00000000ff480000,0x0000000100000000)
 ParOldGen       total 68096K, used 45718K [0x00000000f0000000, 0x00000000f4280000, 0x00000000faa80000)
  object space 68096K, 67% used [0x00000000f0000000,0x00000000f2ca5900,0x00000000f4280000)
 PSPermGen       total 79872K, used 51722K [0x00000000eae00000, 0x00000000efc00000, 0x00000000f0000000)
  object space 79872K, 64% used [0x00000000eae00000,0x00000000ee082bf8,0x00000000efc00000)
}
Event: 265.863 GC heap before
{Heap before GC invocations=23 (full 1):
 PSYoungGen      total 75264K, used 71812K [0x00000000faa80000, 0x0000000100000000, 0x0000000100000000)
  eden space 64000K, 100% used [0x00000000faa80000,0x00000000fe900000,0x00000000fe900000)
  from space 11264K, 69% used [0x00000000fe900000,0x00000000ff0a10b0,0x00000000ff400000)
  to   space 11776K, 0% used [0x00000000ff480000,0x00000000ff480000,0x0000000100000000)
 ParOldGen       total 68096K, used 45718K [0x00000000f0000000, 0x00000000f4280000, 0x00000000faa80000)
  object space 68096K, 67% used [0x00000000f0000000,0x00000000f2ca5900,0x00000000f4280000)
 PSPermGen       total 79872K, used 53115K [0x00000000eae00000, 0x00000000efc00000, 0x00000000f0000000)
  object space 79872K, 66% used [0x00000000eae00000,0x00000000ee1defa0,0x00000000efc00000)
Event: 265.872 GC heap after
Heap after GC invocations=23 (full 1):
 PSYoungGen      total 73728K, used 9696K [0x00000000faa80000, 0x0000000100000000, 0x0000000100000000)
  eden space 61952K, 0% used [0x00000000faa80000,0x00000000faa80000,0x00000000fe700000)
  from space 11776K, 82% used [0x00000000ff480000,0x00000000ffdf8110,0x0000000100000000)
  to   space 12800K, 0% used [0x00000000fe700000,0x00000000fe700000,0x00000000ff380000)
 ParOldGen       total 68096K, used 45718K [0x00000000f0000000, 0x00000000f4280000, 0x00000000faa80000)
  object space 68096K, 67% used [0x00000000f0000000,0x00000000f2ca5900,0x00000000f4280000)
 PSPermGen       total 79872K, used 53115K [0x00000000eae00000, 0x00000000efc00000, 0x00000000f0000000)
  object space 79872K, 66% used [0x00000000eae00000,0x00000000ee1defa0,0x00000000efc00000)
}
Event: 320.913 GC heap before
{Heap before GC invocations=24 (full 1):
 PSYoungGen      total 73728K, used 71648K [0x00000000faa80000, 0x0000000100000000, 0x0000000100000000)
  eden space 61952K, 100% used [0x00000000faa80000,0x00000000fe700000,0x00000000fe700000)
  from space 11776K, 82% used [0x00000000ff480000,0x00000000ffdf8110,0x0000000100000000)
  to   space 12800K, 0% used [0x00000000fe700000,0x00000000fe700000,0x00000000ff380000)
 ParOldGen       total 68096K, used 45718K [0x00000000f0000000, 0x00000000f4280000, 0x00000000faa80000)
  object space 68096K, 67% used [0x00000000f0000000,0x00000000f2ca5900,0x00000000f4280000)
 PSPermGen       total 79872K, used 53903K [0x00000000eae00000, 0x00000000efc00000, 0x00000000f0000000)
  object space 79872K, 67% used [0x00000000eae00000,0x00000000ee2a3e60,0x00000000efc00000)
Event: 320.927 GC heap after
Heap after GC invocations=24 (full 1):
 PSYoungGen      total 72704K, used 10359K [0x00000000faa80000, 0x0000000100000000, 0x0000000100000000)
  eden space 61952K, 0% used [0x00000000faa80000,0x00000000faa80000,0x00000000fe700000)
  from space 10752K, 96% used [0x00000000fe700000,0x00000000ff11dd60,0x00000000ff180000)
  to   space 13824K, 0% used [0x00000000ff280000,0x00000000ff280000,0x0000000100000000)
 ParOldGen       total 68096K, used 45726K [0x00000000f0000000, 0x00000000f4280000, 0x00000000faa80000)
  object space 68096K, 67% used [0x00000000f0000000,0x00000000f2ca7900,0x00000000f4280000)
 PSPermGen       total 79872K, used 53903K [0x00000000eae00000, 0x00000000efc00000, 0x00000000f0000000)
  object space 79872K, 67% used [0x00000000eae00000,0x00000000ee2a3e60,0x00000000efc00000)
}
Event: 373.589 GC heap before
{Heap before GC invocations=25 (full 1):
 PSYoungGen      total 72704K, used 72311K [0x00000000faa80000, 0x0000000100000000, 0x0000000100000000)
  eden space 61952K, 100% used [0x00000000faa80000,0x00000000fe700000,0x00000000fe700000)
  from space 10752K, 96% used [0x00000000fe700000,0x00000000ff11dd60,0x00000000ff180000)
  to   space 13824K, 0% used [0x00000000ff280000,0x00000000ff280000,0x0000000100000000)
 ParOldGen       total 68096K, used 45726K [0x00000000f0000000, 0x00000000f4280000, 0x00000000faa80000)
  object space 68096K, 67% used [0x00000000f0000000,0x00000000f2ca7900,0x00000000f4280000)
 PSPermGen       total 79872K, used 54108K [0x00000000eae00000, 0x00000000efc00000, 0x00000000f0000000)
  object space 79872K, 67% used [0x00000000eae00000,0x00000000ee2d70c8,0x00000000efc00000)
Event: 373.608 GC heap after
Heap after GC invocations=25 (full 1):
 PSYoungGen      total 72704K, used 10920K [0x00000000faa80000, 0x0000000100000000, 0x0000000100000000)
  eden space 58880K, 0% used [0x00000000faa80000,0x00000000faa80000,0x00000000fe400000)
  from space 13824K, 78% used [0x00000000ff280000,0x00000000ffd2a0c0,0x0000000100000000)
  to   space 14336K, 0% used [0x00000000fe400000,0x00000000fe400000,0x00000000ff200000)
 ParOldGen       total 68096K, used 45734K [0x00000000f0000000, 0x00000000f4280000, 0x00000000faa80000)
  object space 68096K, 67% used [0x00000000f0000000,0x00000000f2ca9900,0x00000000f4280000)
 PSPermGen       total 79872K, used 54108K [0x00000000eae00000, 0x00000000efc00000, 0x00000000f0000000)
  object space 79872K, 67% used [0x00000000eae00000,0x00000000ee2d70c8,0x00000000efc00000)
}
Event: 424.296 GC heap before
{Heap before GC invocations=26 (full 1):
 PSYoungGen      total 72704K, used 69800K [0x00000000faa80000, 0x0000000100000000, 0x0000000100000000)
  eden space 58880K, 100% used [0x00000000faa80000,0x00000000fe400000,0x00000000fe400000)
  from space 13824K, 78% used [0x00000000ff280000,0x00000000ffd2a0c0,0x0000000100000000)
  to   space 14336K, 0% used [0x00000000fe400000,0x00000000fe400000,0x00000000ff200000)
 ParOldGen       total 68096K, used 45734K [0x00000000f0000000, 0x00000000f4280000, 0x00000000faa80000)
  object space 68096K, 67% used [0x00000000f0000000,0x00000000f2ca9900,0x00000000f4280000)
 PSPermGen       total 79872K, used 54355K [0x00000000eae00000, 0x00000000efc00000, 0x00000000f0000000)
  object space 79872K, 68% used [0x00000000eae00000,0x00000000ee314f00,0x00000000efc00000)
Event: 424.306 GC heap after
Heap after GC invocations=26 (full 1):
 PSYoungGen      total 68096K, used 11096K [0x00000000faa80000, 0x0000000100000000, 0x0000000100000000)
  eden space 56832K, 0% used [0x00000000faa80000,0x00000000faa80000,0x00000000fe200000)
  from space 11264K, 98% used [0x00000000fe400000,0x00000000feed6108,0x00000000fef00000)
  to   space 15360K, 0% used [0x00000000ff100000,0x00000000ff100000,0x0000000100000000)
 ParOldGen       total 68096K, used 45734K [0x00000000f0000000, 0x00000000f4280000, 0x00000000faa80000)
  object space 68096K, 67% used [0x00000000f0000000,0x00000000f2ca9900,0x00000000f4280000)
 PSPermGen       total 79872K, used 54355K [0x00000000eae00000, 0x00000000efc00000, 0x00000000f0000000)
  object space 79872K, 68% used [0x00000000eae00000,0x00000000ee314f00,0x00000000efc00000)
}

Deoptimization events (10 events):
Event: 431.064 Thread 0x000000000917c800 Uncommon trap: reason=bimorphic action=maybe_recompile pc=0x0000000002705310 method=java.awt.Toolkit$SelectiveAWTEventListener.eventDispatched(Ljava/awt/AWTEvent;)V @ 733
Event: 431.065 Thread 0x000000000917c800 Uncommon trap: reason=bimorphic action=maybe_recompile pc=0x0000000002705310 method=java.awt.Toolkit$SelectiveAWTEventListener.eventDispatched(Ljava/awt/AWTEvent;)V @ 733
Event: 431.121 Thread 0x000000000917c800 Uncommon trap: reason=bimorphic action=maybe_recompile pc=0x0000000002705310 method=java.awt.Toolkit$SelectiveAWTEventListener.eventDispatched(Ljava/awt/AWTEvent;)V @ 733
Event: 431.128 Thread 0x000000000917c800 Uncommon trap: reason=bimorphic action=maybe_recompile pc=0x0000000002705310 method=java.awt.Toolkit$SelectiveAWTEventListener.eventDispatched(Ljava/awt/AWTEvent;)V @ 733
Event: 431.520 Thread 0x000000000917c800 Uncommon trap: reason=unreached action=reinterpret pc=0x00000000027b2e94 method=java.awt.LightweightDispatcher.retargetMouseEvent(Ljava/awt/Component;ILjava/awt/event/MouseEvent;)V @ 22
Event: 436.658 Thread 0x000000000917c800 Uncommon trap: reason=unreached action=reinterpret pc=0x000000000293d1a4 method=javax.swing.plaf.basic.BasicLabelUI.propertyChange(Ljava/beans/PropertyChangeEvent;)V @ 55
Event: 436.734 Thread 0x000000000917c800 Uncommon trap: reason=class_check action=maybe_recompile pc=0x0000000002a9abd8 method=javax.swing.plaf.basic.BasicComboBoxUI.getDisplaySize()Ljava/awt/Dimension; @ 97
Event: 436.734 Thread 0x000000000917c800 Uncommon trap: reason=class_check action=maybe_recompile pc=0x0000000002a9abd8 method=javax.swing.plaf.basic.BasicComboBoxUI.getDisplaySize()Ljava/awt/Dimension; @ 97
Event: 436.734 Thread 0x000000000917c800 Uncommon trap: reason=class_check action=maybe_recompile pc=0x0000000002a9abd8 method=javax.swing.plaf.basic.BasicComboBoxUI.getDisplaySize()Ljava/awt/Dimension; @ 97
Event: 436.734 Thread 0x000000000917c800 Uncommon trap: reason=class_check action=maybe_recompile pc=0x0000000002a9abd8 method=javax.swing.plaf.basic.BasicComboBoxUI.getDisplaySize()Ljava/awt/Dimension; @ 97

Internal exceptions (10 events):
Event: 360.701 Thread 0x000000000bf0d800 Threw 0x00000000fd5616a0 at C:\re\jdk7u51\527\hotspot\src\share\vm\prims\jvm.cpp:1244
Event: 360.701 Thread 0x000000000bf0d800 Threw 0x00000000fd561b90 at C:\re\jdk7u51\527\hotspot\src\share\vm\prims\jvm.cpp:1244
Event: 360.701 Thread 0x000000000bf0d800 Threw 0x00000000fd5671a8 at C:\re\jdk7u51\527\hotspot\src\share\vm\prims\jvm.cpp:1244
Event: 361.040 Thread 0x000000000bf0d800 Threw 0x00000000fd617130 at C:\re\jdk7u51\527\hotspot\src\share\vm\prims\jvm.cpp:1244
Event: 394.745 Thread 0x000000000917c800 Implicit null exception at 0x0000000002a5b36a to 0x0000000002a5b9a1
Event: 402.649 Thread 0x000000000917c800 Threw 0x00000000fc51e8d8 at C:\re\jdk7u51\527\hotspot\src\share\vm\prims\jvm.cpp:1244
Event: 402.651 Thread 0x000000000917c800 Threw 0x00000000fc521db0 at C:\re\jdk7u51\527\hotspot\src\share\vm\prims\jvm.cpp:1244
Event: 402.661 Thread 0x000000000917c800 Threw 0x00000000fc537be0 at C:\re\jdk7u51\527\hotspot\src\share\vm\prims\jvm.cpp:1244
Event: 402.663 Thread 0x000000000917c800 Implicit null exception at 0x0000000002957ec3 to 0x0000000002959735
Event: 402.668 Thread 0x000000000917c800 Implicit null exception at 0x000000000285bbe0 to 0x000000000285bc15

Events (10 events):
Event: 447.160 Executing VM operation: RevokeBias
Event: 447.160 Executing VM operation: RevokeBias done
Event: 447.160 Thread 0x000000000bf0f000 Thread exited: 0x000000000bf0f000
Event: 447.552 Thread 0x000000000682a000 flushing nmethod 0x00000000026fb790
Event: 447.577 Thread 0x000000000682f000 flushing nmethod 0x0000000002767250
Event: 447.588 Thread 0x000000000682a000 flushing nmethod 0x00000000027b1510
Event: 447.614 Thread 0x000000000682a000 flushing nmethod 0x000000000285b9d0
Event: 447.622 Thread 0x000000000682a000 flushing nmethod 0x000000000293da90
Event: 447.625 Thread 0x000000000682f000 flushing nmethod 0x0000000002957910
Event: 447.645 Thread 0x000000000682a000 flushing nmethod 0x00000000029c2950


Dynamic libraries:
0x000000013f780000 - 0x000000013f7b3000 	C:\Program Files\Java\jdk1.7.0_51\bin\javaw.exe
0x0000000077690000 - 0x0000000077839000 	C:\Windows\SYSTEM32\ntdll.dll
0x0000000077570000 - 0x000000007768f000 	C:\Windows\system32\kernel32.dll
0x000007fefddb0000 - 0x000007fefde1b000 	C:\Windows\system32\KERNELBASE.dll
0x000007feff0d0000 - 0x000007feff1ab000 	C:\Windows\system32\ADVAPI32.dll
0x000007fefe040000 - 0x000007fefe0df000 	C:\Windows\system32\msvcrt.dll
0x000007fefee80000 - 0x000007fefee9f000 	C:\Windows\SYSTEM32\sechost.dll
0x000007fefdf10000 - 0x000007fefe03d000 	C:\Windows\system32\RPCRT4.dll
0x0000000077310000 - 0x000000007740a000 	C:\Windows\system32\USER32.dll
0x000007feff930000 - 0x000007feff997000 	C:\Windows\system32\GDI32.dll
0x000007fefee70000 - 0x000007fefee7e000 	C:\Windows\system32\LPK.dll
0x000007feff640000 - 0x000007feff709000 	C:\Windows\system32\USP10.dll
0x000007fefc240000 - 0x000007fefc434000 	C:\Windows\WinSxS\amd64_microsoft.windows.common-controls_6595b64144ccf1df_6.0.7601.17514_none_fa396087175ac9ac\COMCTL32.dll
0x000007feff5c0000 - 0x000007feff631000 	C:\Windows\system32\SHLWAPI.dll
0x000007feff1b0000 - 0x000007feff1de000 	C:\Windows\system32\IMM32.DLL
0x000007fefeea0000 - 0x000007fefefa9000 	C:\Windows\system32\MSCTF.dll
0x000000005aa00000 - 0x000000005aad2000 	C:\Program Files\Java\jdk1.7.0_51\jre\bin\msvcr100.dll
0x000000005a230000 - 0x000000005a9f9000 	C:\Program Files\Java\jdk1.7.0_51\jre\bin\server\jvm.dll
0x000007fefac20000 - 0x000007fefac29000 	C:\Windows\system32\WSOCK32.dll
0x000007fefdec0000 - 0x000007fefdf0d000 	C:\Windows\system32\WS2_32.dll
0x000007feff710000 - 0x000007feff718000 	C:\Windows\system32\NSI.dll
0x000007fefb830000 - 0x000007fefb86b000 	C:\Windows\system32\WINMM.dll
0x0000000077860000 - 0x0000000077867000 	C:\Windows\system32\PSAPI.DLL
0x000000006ee90000 - 0x000000006ee9f000 	C:\Program Files\Java\jdk1.7.0_51\jre\bin\verify.dll
0x000000005ab90000 - 0x000000005abb8000 	C:\Program Files\Java\jdk1.7.0_51\jre\bin\java.dll
0x000000005b020000 - 0x000000005b035000 	C:\Program Files\Java\jdk1.7.0_51\jre\bin\zip.dll
0x00000000709e0000 - 0x0000000070b75000 	C:\Program Files\Java\jdk1.7.0_51\jre\bin\awt.dll
0x000007feff460000 - 0x000007feff537000 	C:\Windows\system32\OLEAUT32.dll
0x000007feff720000 - 0x000007feff923000 	C:\Windows\system32\ole32.dll
0x000007fefc1e0000 - 0x000007fefc236000 	C:\Windows\system32\uxtheme.dll
0x000007fef46a0000 - 0x000007fef4774000 	c:\Program Files\Hewlett-Packard\HP ProtectTools Security Manager\Bin\DpoFeedb.dll
0x000007fefcea0000 - 0x000007fefceac000 	C:\Windows\system32\VERSION.dll
0x000007fefcfb0000 - 0x000007fefcfce000 	C:\Windows\system32\USERENV.dll
0x000007fefdaf0000 - 0x000007fefdaff000 	C:\Windows\system32\profapi.dll
0x000007fefbe00000 - 0x000007fefbe18000 	C:\Windows\system32\dwmapi.dll
0x000007fefda20000 - 0x000007fefda2f000 	C:\Windows\system32\CRYPTBASE.dll
0x000007fef45e0000 - 0x000007fef4616000 	c:\Program Files\Hewlett-Packard\HP ProtectTools Security Manager\Bin\DpoSet.dll
0x0000000073fa0000 - 0x0000000074073000 	C:\Windows\WinSxS\amd64_microsoft.vc90.crt_1fc8b3b9a1e18e3b_9.0.30729.6161_none_08e61857a83bc251\MSVCP90.dll
0x00000000749e0000 - 0x0000000074a83000 	C:\Windows\WinSxS\amd64_microsoft.vc90.crt_1fc8b3b9a1e18e3b_9.0.30729.6161_none_08e61857a83bc251\MSVCR90.dll
0x000007fefd5b0000 - 0x000007fefd5c7000 	C:\Windows\system32\CRYPTSP.dll
0x000007fefd0a0000 - 0x000007fefd0e7000 	C:\Windows\system32\rsaenh.dll
0x000000005b150000 - 0x000000005b169000 	C:\Program Files\Java\jdk1.7.0_51\jre\bin\net.dll
0x000007fefd360000 - 0x000007fefd3b5000 	C:\Windows\system32\mswsock.dll
0x000007fefd350000 - 0x000007fefd357000 	C:\Windows\System32\wship6.dll
0x000007fefb9b0000 - 0x000007fefb9c5000 	C:\Windows\system32\NLAapi.dll
0x000007fef9ce0000 - 0x000007fef9cf5000 	C:\Windows\system32\napinsp.dll
0x000007fef9ca0000 - 0x000007fef9cb9000 	C:\Windows\system32\pnrpnsp.dll
0x000007fefd1c0000 - 0x000007fefd21b000 	C:\Windows\system32\DNSAPI.dll
0x000007fef9cd0000 - 0x000007fef9cdb000 	C:\Windows\System32\winrnr.dll
0x0000000074870000 - 0x0000000074896000 	C:\Program Files\Bonjour\mdnsNSP.dll
0x000007fefb6d0000 - 0x000007fefb6f7000 	C:\Windows\system32\Iphlpapi.DLL
0x000007fefb6b0000 - 0x000007fefb6bb000 	C:\Windows\system32\WINNSI.DLL
0x000007fefcc20000 - 0x000007fefcc27000 	C:\Windows\System32\wshtcpip.dll
0x000007fefa360000 - 0x000007fefa368000 	C:\Windows\system32\rasadhlp.dll
0x000007fefb570000 - 0x000007fefb5c3000 	C:\Windows\System32\fwpuclnt.dll
0x000000005b130000 - 0x000000005b141000 	C:\Program Files\Java\jdk1.7.0_51\jre\bin\nio.dll
0x000007fefe0e0000 - 0x000007fefee68000 	C:\Windows\system32\SHELL32.dll
0x0000000070d80000 - 0x0000000070dc7000 	C:\Program Files\Java\jdk1.7.0_51\jre\bin\fontmanager.dll
0x000007fee9e80000 - 0x000007feea07f000 	C:\Windows\system32\d3d9.dll
0x000007fefab00000 - 0x000007fefab07000 	C:\Windows\system32\d3d8thk.dll
0x000007fee7eb0000 - 0x000007fee8aa7000 	C:\Windows\system32\nvd3dumx.dll
0x000007fefc5f0000 - 0x000007fefc61c000 	C:\Windows\system32\powrprof.dll
0x000007feff280000 - 0x000007feff457000 	C:\Windows\system32\SETUPAPI.dll
0x000007fefdc00000 - 0x000007fefdc36000 	C:\Windows\system32\CFGMGR32.dll
0x000007fefdba0000 - 0x000007fefdbba000 	C:\Windows\system32\DEVOBJ.dll
0x0000000070ce0000 - 0x0000000070d21000 	C:\Program Files\Java\jdk1.7.0_51\jre\bin\t2k.dll
0x0000000070e20000 - 0x0000000070e2b000 	C:\Program Files\Java\jdk1.7.0_51\jre\bin\management.dll
0x00000000748c0000 - 0x00000000748e4000 	C:\Program Files\Java\jdk1.7.0_51\jre\bin\sunec.dll
0x00000000748b0000 - 0x00000000748bb000 	C:\Program Files\Java\jdk1.7.0_51\jre\bin\sunmscapi.dll
0x000007fefdc40000 - 0x000007fefdda7000 	C:\Windows\system32\CRYPT32.dll
0x000007fefdb90000 - 0x000007fefdb9f000 	C:\Windows\system32\MSASN1.dll
0x000007feff1e0000 - 0x000007feff279000 	C:\Windows\system32\CLBCatQ.DLL
0x000007fefba40000 - 0x000007fefbb6a000 	C:\Windows\system32\WindowsCodecs.dll
0x000007fefd9c0000 - 0x000007fefda17000 	C:\Windows\system32\apphelp.dll
0x00000000704e0000 - 0x00000000704f6000 	C:\Program Files\Common Files\TortoiseOverlays\TortoiseOverlays.dll
0x00000000704d0000 - 0x00000000704e0000 	C:\Program Files\TortoiseSVN\bin\TortoiseStub.dll
0x0000000070450000 - 0x00000000704cb000 	C:\Program Files\TortoiseSVN\bin\TortoiseSVN.dll
0x0000000077410000 - 0x000000007756a000 	C:\Windows\system32\WININET.dll
0x0000000077850000 - 0x0000000077853000 	C:\Windows\system32\Normaliz.dll
0x0000000077100000 - 0x000000007730d000 	C:\Windows\system32\iertutil.dll
0x0000000076fb0000 - 0x00000000770fd000 	C:\Windows\system32\urlmon.dll
0x000007fef5480000 - 0x000007fef584e000 	C:\Program Files\TortoiseSVN\bin\libsvn_tsvn.dll
0x0000000070420000 - 0x000000007044b000 	C:\Program Files\TortoiseSVN\bin\libapr_tsvn.dll
0x00000000702f0000 - 0x0000000070331000 	C:\Program Files\TortoiseSVN\bin\libaprutil_tsvn.dll
0x000007feff560000 - 0x000007feff5b2000 	C:\Windows\system32\WLDAP32.dll
0x000007fef62b0000 - 0x000007fef62c0000 	C:\Program Files\TortoiseSVN\bin\intl3_tsvn.dll
0x000007fef6290000 - 0x000007fef62aa000 	C:\Program Files\TortoiseSVN\bin\libsasl.dll
0x000007fefd7d0000 - 0x000007fefd7db000 	C:\Windows\system32\Secur32.dll
0x000007fefd990000 - 0x000007fefd9b5000 	C:\Windows\system32\SSPICLI.DLL
0x0000000070250000 - 0x00000000702e8000 	C:\Windows\system32\MSVCP100.dll
0x000007fef6250000 - 0x000007fef6285000 	C:\Windows\system32\EhStorShell.dll
0x000007fefc440000 - 0x000007fefc56c000 	C:\Windows\system32\PROPSYS.dll
0x000007fef61d0000 - 0x000007fef624e000 	C:\Windows\System32\cscui.dll
0x000007fef61c0000 - 0x000007fef61cc000 	C:\Windows\System32\CSCDLL.dll
0x000007fef9c10000 - 0x000007fef9c1f000 	C:\Windows\system32\CSCAPI.dll
0x0000000070cb0000 - 0x0000000070cda000 	C:\Program Files\Java\jdk1.7.0_51\jre\bin\dcpr.dll
0x000007fef7580000 - 0x000007fef7620000 	C:\Windows\WinSxS\amd64_microsoft.windows.common-controls_6595b64144ccf1df_5.82.7601.17514_none_a4d6a923711520a9\comctl32.dll

VM Arguments:
jvm_args: -Xmx256m -Dluxor.kernell.enabled=false -Dsw3.sucursal.local=3 -Dsw3.pedidos.sucursal.row=3 -Dcfd.pk.path=z:/cfd/cert -Dcfd.cer.path=z:/cfd/cert -Dcfd.dir.path=c:/cfd/xml -Dcfd.xslt.path=z:/cfdi/sat/cadenaoriginal_3_2.xslt -Djdbc.url=jdbc:mysql://localhost/produccion -DsucursalOrigen=TACUBA -Dsw3.reports.path=file:z:/Reportes_MySQL/ -Dfile.encoding=Cp1252 
java_command: com.luxsoft.siipap.pos.ui.Pos
Launcher Type: SUN_STANDARD

Environment Variables:
JAVA_HOME=C:\Program Files\Java\jdk1.7.0_51
PATH=C:\Program Files (x86)\CollabNet\Subversion Client;C:\Program Files\Java\jdk1.7.0_51\BIN;C:\luxsofnet\springsource\apache-maven-3.0.3\BIN;C:\Windows\system32;C:\Windows;C:\Windows\System32\Wbem;C:\Windows\System32\WindowsPowerShell\v1.0\;c:\Program Files (x86)\Hewlett-Packard\HP ProtectTools Security Manager\Bin\;c:\Program Files\Intel\DMIX;C:\Program Files (x86)\Intel\Services\IPT\;;C:\springsource\spring-roo-1.2.2.RELEASE\bin;C:\Program Files\TortoiseSVN\bin;C:\grails\grails-2.2.4\bin;C:\luxsofnet\software\xmlbeans-2.5.0\bin;C:\Program Files (x86)\GnuWin32\bin;C:\software\apache-tomcat-7.0.32\bin;C:\Program Files\SlikSvn\bin;C:\Program Files (x86)\MySQL\MySQL Server 5.0\bin;c:\Program Files (x86)\Microsoft SQL Server\100\Tools\Binn\;c:\Program Files\Microsoft SQL Server\100\Tools\Binn\;c:\Program Files\Microsoft SQL Server\100\DTS\Binn\;C:\Program Files (x86)\CollabNet\Subversion Client;C:\Program Files\Java\jdk1.7.0_51\BIN;C:\luxsofnet\springsource\apache-maven-3.0.3\BIN;C:\Windows\system32;C:\Windows;C:\Windows\System32\Wbem;C:\Windows\System32\WindowsPowerShell\v1.0\;c:\Program Files (x86)\Hewlett-Packard\HP ProtectTools Security Manager\Bin\;c:\Program Files\Intel\DMIX;C:\Program Files (x86)\Intel\Services\IPT\;;C:\springsource\spring-roo-1.2.2.RELEASE\bin;C:\Program Files\TortoiseSVN\bin;C:\grails\grails-2.2.4\bin;C:\luxsofnet\software\xmlbeans-2.5.0\bin;C:\Program Files (x86)\GnuWin32\bin;C:\software\apache-tomcat-7.0.32\bin;C:\Program Files\SlikSvn\bin;C:\Program Files (x86)\MySQL\MySQL Server 5.0\bin;c:\Program Files (x86)\Microsoft SQL Server\100\Tools\Binn\;c:\Program Files\Microsoft SQL Server\100\Tools\Binn\;c:\Program Files\Microsoft SQL Server\100\DTS\Binn\;C:\PROGRA~2\Aspel\ASPEL-~1.5;
USERNAME=RUBEN
OS=Windows_NT
PROCESSOR_IDENTIFIER=Intel64 Family 6 Model 42 Stepping 7, GenuineIntel



---------------  S Y S T E M  ---------------

OS: Windows 7 , 64 bit Build 7601 Service Pack 1

CPU:total 4 (4 cores per cpu, 1 threads per core) family 6 model 42 stepping 7, cmov, cx8, fxsr, mmx, sse, sse2, sse3, ssse3, sse4.1, sse4.2, popcnt, avx, aes, tsc, tscinvbit

Memory: 4k page, physical 4151328k(862080k free), swap 8300812k(2332864k free)

vm_info: Java HotSpot(TM) 64-Bit Server VM (24.51-b03) for windows-amd64 JRE (1.7.0_51-b13), built on Dec 18 2013 18:40:56 by "java_re" with unknown MS VC++:1600

time: Fri Jun 19 10:16:11 2015
elapsed time: 447 seconds

