#
# A fatal error has been detected by the Java Runtime Environment:
#
#  EXCEPTION_ACCESS_VIOLATION (0xc0000005) at pc=0x000000006d950816, pid=7628, tid=1788
#
# JRE version: 6.0_37-b06
# Java VM: Java HotSpot(TM) 64-Bit Server VM (20.12-b01 mixed mode windows-amd64 compressed oops)
# Problematic frame:
# V  [jvm.dll+0xa0816]
#
# If you would like to submit a bug report, please visit:
#   http://java.sun.com/webapps/bugreport/crash.jsp
#

---------------  T H R E A D  ---------------

Current thread (0x000000000735c000):  JavaThread "AWT-EventQueue-0" [_thread_in_vm, id=1788, stack(0x0000000009140000,0x0000000009240000)]

siginfo: ExceptionCode=0xc0000005, reading address 0x00000000072eb60c

Registers:
RAX=0x00000000072ab610, RBX=0x00000000de871799, RCX=0x000000000000ff00, RDX=0x000000000000ffff
RSP=0x000000000923d560, RBP=0x0000000000000001, RSI=0x0000000000000003, RDI=0x00000000000000a2
R8 =0x000000000856a800, R9 =0x000000006d8b0000, R10=0x000000000923d740, R11=0x000000000000000c
R12=0x0000000000000000, R13=0x00000000de8717a8, R14=0x0000000000000000, R15=0x0000000000000005
RIP=0x000000006d950816, EFLAGS=0x0000000000010206

Top of Stack: (sp=0x000000000923d560)
0x000000000923d560:   000000000923d560 000000006d973c1d
0x000000000923d570:   000000000923d5d0 00000000db36d2e0
0x000000000923d580:   00000000deb8ffff 00000000db36c868
0x000000000923d590:   0000000000000000 000000006d95050c
0x000000000923d5a0:   00000000de871798 0000000002570524
0x000000000923d5b0:   0000000000000082 00000000072ab610
0x000000000923d5c0:   0000000000000000 000000000735c000
0x000000000923d5d0:   000000000923d740 0000000000000070
0x000000000923d5e0:   000000000000003c 000000006d950f32
0x000000000923d5f0:   000000000923d740 000000000cba3f00
0x000000000923d600:   000000000000000b 000000000000000b
0x000000000923d610:   000000000735c000 000000006da9ae87
0x000000000923d620:   0000000000000000 000000006d973c1d
0x000000000923d630:   000000000735c000 000000000923d970
0x000000000923d640:   000000000257faa0 000007fefd45132c
0x000000000923d650:   0000000000000005 000000006d9c873f 

Instructions: (pc=0x000000006d950816)
0x000000006d9507f6:   0f b7 44 1c 01 0f b6 c8 66 89 44 24 20 0f b6 44
0x000000006d950806:   24 21 66 c1 e1 08 0f b7 d1 48 0b d0 49 8b 42 20
0x000000006d950816:   0f b7 0c 90 66 41 89 4c 1c 01 e9 2a 01 00 00 45
0x000000006d950826:   8d 46 01 48 8b d3 49 8b ca e8 8c f9 ff ff 44 8a 


Register to memory mapping:

RAX=0x00000000072ab610 is an unknown value
RBX=0x00000000de871799 is an oop
{constMethod} 
 - klass: {other class}
 - method:       0x00000000de8717a8 {method} 'getTipText' '()Ljava/lang/String;' in 'javax/swing/JToolTip'
 - exceptions:   0x00000000dae01ef8
bci_from(00000000DE871799) = 1; print_codes():
RCX=0x000000000000ff00 is an unknown value
RDX=0x000000000000ffff is an unknown value
RSP=0x000000000923d560 is pointing into the stack for thread: 0x000000000735c000
RBP=0x0000000000000001 is an unknown value
RSI=0x0000000000000003 is an unknown value
RDI=0x00000000000000a2 is an unknown value
R8 =0x000000000856a800 is an unknown value
R9 =0x000000006d8b0000 is an unknown value
R10=0x000000000923d740 is pointing into the stack for thread: 0x000000000735c000
R11=0x000000000000000c is an unknown value
R12=0x0000000000000000 is an unknown value
R13=0x00000000de8717a8 is an oop
{method} 
 - klass: {other class}
R14=0x0000000000000000 is an unknown value
R15=0x0000000000000005 is an unknown value


Stack: [0x0000000009140000,0x0000000009240000],  sp=0x000000000923d560,  free space=1013k
Native frames: (J=compiled Java code, j=interpreted, Vv=VM code, C=native code)
V  [jvm.dll+0xa0816]

Java frames: (J=compiled Java code, j=interpreted, Vv=VM code)
j  javax.swing.JComponent.createToolTip()Ljavax/swing/JToolTip;+0
j  javax.swing.ToolTipManager.showTipWindow()V+185
j  javax.swing.ToolTipManager.mouseMoved(Ljava/awt/event/MouseEvent;)V+73
j  java.awt.AWTEventMulticaster.mouseMoved(Ljava/awt/event/MouseEvent;)V+21
j  java.awt.Component.processMouseMotionEvent(Ljava/awt/event/MouseEvent;)V+42
j  javax.swing.JComponent.processMouseMotionEvent(Ljava/awt/event/MouseEvent;)V+42
j  java.awt.Component.processEvent(Ljava/awt/AWTEvent;)V+92
j  java.awt.Container.processEvent(Ljava/awt/AWTEvent;)V+18
j  java.awt.Component.dispatchEventImpl(Ljava/awt/AWTEvent;)V+573
j  java.awt.Container.dispatchEventImpl(Ljava/awt/AWTEvent;)V+42
J  java.awt.LightweightDispatcher.retargetMouseEvent(Ljava/awt/Component;ILjava/awt/event/MouseEvent;)V
j  java.awt.LightweightDispatcher.processMouseEvent(Ljava/awt/event/MouseEvent;)Z+170
j  java.awt.LightweightDispatcher.dispatchEvent(Ljava/awt/AWTEvent;)Z+50
j  java.awt.Container.dispatchEventImpl(Ljava/awt/AWTEvent;)V+12
j  java.awt.Window.dispatchEventImpl(Ljava/awt/AWTEvent;)V+65
j  java.awt.Component.dispatchEvent(Ljava/awt/AWTEvent;)V+2
j  java.awt.EventQueue.dispatchEventImpl(Ljava/awt/AWTEvent;Ljava/lang/Object;)V+41
j  java.awt.EventQueue.access$400(Ljava/awt/EventQueue;Ljava/awt/AWTEvent;Ljava/lang/Object;)V+3
j  java.awt.EventQueue$2.run()Ljava/lang/Void;+12
j  java.awt.EventQueue$2.run()Ljava/lang/Object;+1
v  ~StubRoutines::call_stub
j  java.security.AccessController.doPrivileged(Ljava/security/PrivilegedAction;Ljava/security/AccessControlContext;)Ljava/lang/Object;+0
j  java.security.AccessControlContext$1.doIntersectionPrivilege(Ljava/security/PrivilegedAction;Ljava/security/AccessControlContext;Ljava/security/AccessControlContext;)Ljava/lang/Object;+28
j  java.security.AccessControlContext$1.doIntersectionPrivilege(Ljava/security/PrivilegedAction;Ljava/security/AccessControlContext;)Ljava/lang/Object;+6
j  java.awt.EventQueue$3.run()Ljava/lang/Void;+11
j  java.awt.EventQueue$3.run()Ljava/lang/Object;+1
v  ~StubRoutines::call_stub
j  java.security.AccessController.doPrivileged(Ljava/security/PrivilegedAction;Ljava/security/AccessControlContext;)Ljava/lang/Object;+0
j  java.security.AccessControlContext$1.doIntersectionPrivilege(Ljava/security/PrivilegedAction;Ljava/security/AccessControlContext;Ljava/security/AccessControlContext;)Ljava/lang/Object;+28
j  java.awt.EventQueue.dispatchEvent(Ljava/awt/AWTEvent;)V+73
j  java.awt.EventDispatchThread.pumpOneEventForFilters(I)Z+204
j  java.awt.EventDispatchThread.pumpEventsForFilter(ILjava/awt/Conditional;Ljava/awt/EventFilter;)V+30
j  java.awt.EventDispatchThread.pumpEventsForHierarchy(ILjava/awt/Conditional;Ljava/awt/Component;)V+11
j  java.awt.EventDispatchThread.pumpEvents(ILjava/awt/Conditional;)V+4
j  java.awt.EventDispatchThread.pumpEvents(Ljava/awt/Conditional;)V+3
j  java.awt.EventDispatchThread.run()V+9
v  ~StubRoutines::call_stub

---------------  P R O C E S S  ---------------

Java Threads: ( => current thread )
=>0x000000000735c000 JavaThread "AWT-EventQueue-0" [_thread_in_vm, id=1788, stack(0x0000000009140000,0x0000000009240000)]
  0x000000000735e800 JavaThread "SwingWorker-pool-1-thread-3" daemon [_thread_blocked, id=8196, stack(0x0000000011de0000,0x0000000011ee0000)]
  0x000000000735e000 JavaThread "SwingWorker-pool-1-thread-2" daemon [_thread_blocked, id=3696, stack(0x0000000011b90000,0x0000000011c90000)]
  0x000000000735d800 JavaThread "memotyMonitor" daemon [_thread_blocked, id=9272, stack(0x0000000011890000,0x0000000011990000)]
  0x000000000735c800 JavaThread "SwingWorker-pool-1-thread-1" daemon [_thread_blocked, id=10236, stack(0x0000000010170000,0x0000000010270000)]
  0x000000000735b000 JavaThread "Thread-11" daemon [_thread_blocked, id=7128, stack(0x000000000eb50000,0x000000000ec50000)]
  0x000000000735a800 JavaThread "Thread-10" daemon [_thread_blocked, id=5888, stack(0x000000000eef0000,0x000000000eff0000)]
  0x0000000007359800 JavaThread "com.mchange.v2.async.ThreadPoolAsynchronousRunner$PoolThread-#2" daemon [_thread_blocked, id=8972, stack(0x000000000edf0000,0x000000000eef0000)]
  0x0000000007359000 JavaThread "com.mchange.v2.async.ThreadPoolAsynchronousRunner$PoolThread-#1" daemon [_thread_blocked, id=8876, stack(0x000000000ecf0000,0x000000000edf0000)]
  0x000000000e50c800 JavaThread "com.mchange.v2.async.ThreadPoolAsynchronousRunner$PoolThread-#0" daemon [_thread_blocked, id=2580, stack(0x000000000ea50000,0x000000000eb50000)]
  0x0000000008437800 JavaThread "Timer-1" daemon [_thread_blocked, id=8740, stack(0x000000000e950000,0x000000000ea50000)]
  0x0000000007644800 JavaThread "MySQL Statement Cancellation Timer" daemon [_thread_blocked, id=2636, stack(0x000000000c8b0000,0x000000000c9b0000)]
  0x0000000007ac6800 JavaThread "Timer-0" daemon [_thread_blocked, id=8920, stack(0x000000000c7b0000,0x000000000c8b0000)]
  0x0000000007e01800 JavaThread "TimerQueue" daemon [_thread_blocked, id=5104, stack(0x000000000bb60000,0x000000000bc60000)]
  0x0000000007211000 JavaThread "D3D Screen Updater" daemon [_thread_blocked, id=10124, stack(0x000000000b660000,0x000000000b760000)]
  0x0000000000468000 JavaThread "DestroyJavaVM" [_thread_blocked, id=5736, stack(0x0000000002470000,0x0000000002570000)]
  0x0000000006e05000 JavaThread "AWT-Windows" daemon [_thread_in_native, id=7672, stack(0x0000000008d00000,0x0000000008e00000)]
  0x00000000073a0800 JavaThread "AWT-Shutdown" [_thread_blocked, id=9552, stack(0x0000000008c00000,0x0000000008d00000)]
  0x000000000739f800 JavaThread "Java2D Disposer" daemon [_thread_blocked, id=3816, stack(0x0000000008b00000,0x0000000008c00000)]
  0x0000000006316000 JavaThread "Low Memory Detector" daemon [_thread_blocked, id=9668, stack(0x00000000069a0000,0x0000000006aa0000)]
  0x000000000630b000 JavaThread "C2 CompilerThread1" daemon [_thread_blocked, id=8052, stack(0x00000000068a0000,0x00000000069a0000)]
  0x0000000006302000 JavaThread "C2 CompilerThread0" daemon [_thread_blocked, id=8200, stack(0x00000000067a0000,0x00000000068a0000)]
  0x00000000062ff000 JavaThread "Attach Listener" daemon [_thread_blocked, id=9964, stack(0x00000000066a0000,0x00000000067a0000)]
  0x00000000062fa000 JavaThread "Signal Dispatcher" daemon [_thread_blocked, id=7832, stack(0x00000000065a0000,0x00000000066a0000)]
  0x00000000062a5800 JavaThread "Finalizer" daemon [_thread_blocked, id=2612, stack(0x00000000064a0000,0x00000000065a0000)]
  0x0000000000529000 JavaThread "Reference Handler" daemon [_thread_blocked, id=5512, stack(0x00000000061a0000,0x00000000062a0000)]

Other Threads:
  0x0000000000521800 VMThread [stack: 0x00000000060a0000,0x00000000061a0000] [id=6508]
  0x0000000006365800 WatcherThread [stack: 0x0000000006aa0000,0x0000000006ba0000] [id=7996]

VM state:not at safepoint (normal execution)

VM Mutex/Monitor currently owned by a thread: None

Heap
 PSYoungGen      total 161280K, used 1111K [0x00000000f5560000, 0x00000000ff350000, 0x0000000100000000)
  eden space 160832K, 0% used [0x00000000f5560000,0x00000000f5675fa0,0x00000000ff270000)
  from space 448K, 0% used [0x00000000ff2e0000,0x00000000ff2e0000,0x00000000ff350000)
  to   space 448K, 0% used [0x00000000ff270000,0x00000000ff270000,0x00000000ff2e0000)
 PSOldGen        total 349568K, used 48945K [0x00000000e0000000, 0x00000000f5560000, 0x00000000f5560000)
  object space 349568K, 14% used [0x00000000e0000000,0x00000000e2fcc6b8,0x00000000f5560000)
 PSPermGen       total 83968K, used 83967K [0x00000000dae00000, 0x00000000e0000000, 0x00000000e0000000)
  object space 83968K, 99% used [0x00000000dae00000,0x00000000dfffff68,0x00000000e0000000)

Code Cache  [0x0000000002570000, 0x0000000002a00000, 0x0000000005570000)
 total_blobs=2025 nmethods=1351 adapters=626 free_code_cache=45727808 largest_free_block=40320

Dynamic libraries:
0x0000000000400000 - 0x000000000042f000 	C:\Program Files\Java\jdk1.6.0_37\bin\javaw.exe
0x0000000076f40000 - 0x00000000770e9000 	C:\Windows\SYSTEM32\ntdll.dll
0x0000000076960000 - 0x0000000076a7f000 	C:\Windows\system32\kernel32.dll
0x000007fefd450000 - 0x000007fefd4bb000 	C:\Windows\system32\KERNELBASE.dll
0x000007feff070000 - 0x000007feff14b000 	C:\Windows\system32\ADVAPI32.dll
0x000007fefeef0000 - 0x000007fefef8f000 	C:\Windows\system32\msvcrt.dll
0x000007fefd900000 - 0x000007fefd91f000 	C:\Windows\SYSTEM32\sechost.dll
0x000007fefdd50000 - 0x000007fefde7d000 	C:\Windows\system32\RPCRT4.dll
0x0000000076860000 - 0x000000007695a000 	C:\Windows\system32\USER32.dll
0x000007fefd890000 - 0x000007fefd8f7000 	C:\Windows\system32\GDI32.dll
0x000007feff060000 - 0x000007feff06e000 	C:\Windows\system32\LPK.dll
0x000007fefef90000 - 0x000007feff059000 	C:\Windows\system32\USP10.dll
0x000007feff220000 - 0x000007feff24e000 	C:\Windows\system32\IMM32.DLL
0x000007fefd780000 - 0x000007fefd889000 	C:\Windows\system32\MSCTF.dll
0x000000006d8b0000 - 0x000000006e06b000 	C:\Program Files\Java\jdk1.6.0_37\jre\bin\server\jvm.dll
0x000007fefb3d0000 - 0x000007fefb40b000 	C:\Windows\system32\WINMM.dll
0x000000006d820000 - 0x000000006d82e000 	C:\Program Files\Java\jdk1.6.0_37\jre\bin\verify.dll
0x000000006d450000 - 0x000000006d477000 	C:\Program Files\Java\jdk1.6.0_37\jre\bin\java.dll
0x000000006d870000 - 0x000000006d882000 	C:\Program Files\Java\jdk1.6.0_37\jre\bin\zip.dll
0x000000006d0a0000 - 0x000000006d264000 	C:\Program Files\Java\jdk1.6.0_37\jre\bin\awt.dll
0x000007fef9760000 - 0x000007fef97d1000 	C:\Windows\system32\WINSPOOL.DRV
0x000007fefd920000 - 0x000007fefdb23000 	C:\Windows\system32\ole32.dll
0x000007fefdf80000 - 0x000007fefed08000 	C:\Windows\system32\SHELL32.dll
0x000007fefdcb0000 - 0x000007fefdd21000 	C:\Windows\system32\SHLWAPI.dll
0x000007fefbd80000 - 0x000007fefbf74000 	C:\Windows\WinSxS\amd64_microsoft.windows.common-controls_6595b64144ccf1df_6.0.7601.17514_none_fa396087175ac9ac\COMCTL32.dll
0x000007fefb190000 - 0x000007fefb1a8000 	C:\Windows\system32\DWMAPI.DLL
0x000007fefba90000 - 0x000007fefbae6000 	C:\Windows\system32\uxtheme.dll
0x000007fef42f0000 - 0x000007fef43c4000 	c:\Program Files\Hewlett-Packard\HP ProtectTools Security Manager\Bin\DpoFeedb.dll
0x000007fefdbd0000 - 0x000007fefdca7000 	C:\Windows\system32\OLEAUT32.dll
0x000007fefcaa0000 - 0x000007fefcaac000 	C:\Windows\system32\VERSION.dll
0x000007fefc7b0000 - 0x000007fefc7ce000 	C:\Windows\system32\USERENV.dll
0x000007fefd3a0000 - 0x000007fefd3af000 	C:\Windows\system32\profapi.dll
0x000007fefd290000 - 0x000007fefd29f000 	C:\Windows\system32\CRYPTBASE.dll
0x000007fef5170000 - 0x000007fef51a6000 	c:\Program Files\Hewlett-Packard\HP ProtectTools Security Manager\Bin\DpoSet.dll
0x0000000073830000 - 0x0000000073903000 	C:\Windows\WinSxS\amd64_microsoft.vc90.crt_1fc8b3b9a1e18e3b_9.0.30729.6161_none_08e61857a83bc251\MSVCP90.dll
0x0000000074240000 - 0x00000000742e3000 	C:\Windows\WinSxS\amd64_microsoft.vc90.crt_1fc8b3b9a1e18e3b_9.0.30729.6161_none_08e61857a83bc251\MSVCR90.dll
0x000000006d340000 - 0x000000006d3a7000 	C:\Program Files\Java\jdk1.6.0_37\jre\bin\fontmanager.dll
0x000000006d6b0000 - 0x000000006d6c7000 	C:\Program Files\Java\jdk1.6.0_37\jre\bin\net.dll
0x000007feff1d0000 - 0x000007feff21d000 	C:\Windows\system32\WS2_32.dll
0x000007fefd770000 - 0x000007fefd778000 	C:\Windows\system32\NSI.dll
0x000007fefcbb0000 - 0x000007fefcc05000 	C:\Windows\system32\mswsock.dll
0x000007fefcc20000 - 0x000007fefcc27000 	C:\Windows\System32\wship6.dll
0x000000006d6d0000 - 0x000000006d6db000 	C:\Program Files\Java\jdk1.6.0_37\jre\bin\nio.dll
0x000007fefce20000 - 0x000007fefce37000 	C:\Windows\system32\CRYPTSP.dll
0x000007fefc910000 - 0x000007fefc957000 	C:\Windows\system32\rsaenh.dll
0x000007fefb370000 - 0x000007fefb385000 	C:\Windows\system32\NLAapi.dll
0x000007fef9d90000 - 0x000007fef9da5000 	C:\Windows\system32\napinsp.dll
0x000007fef9db0000 - 0x000007fef9dc9000 	C:\Windows\system32\pnrpnsp.dll
0x000007fefcaf0000 - 0x000007fefcb4b000 	C:\Windows\system32\DNSAPI.dll
0x000007fef9d80000 - 0x000007fef9d8b000 	C:\Windows\System32\winrnr.dll
0x0000000074120000 - 0x0000000074146000 	C:\Program Files\Bonjour\mdnsNSP.dll
0x000007fefaf20000 - 0x000007fefaf47000 	C:\Windows\system32\Iphlpapi.DLL
0x000007fefaee0000 - 0x000007fefaeeb000 	C:\Windows\system32\WINNSI.DLL
0x000007fefc4d0000 - 0x000007fefc4d7000 	C:\Windows\System32\wshtcpip.dll
0x000007fef9dd0000 - 0x000007fef9dd8000 	C:\Windows\system32\rasadhlp.dll
0x000007fefae10000 - 0x000007fefae63000 	C:\Windows\System32\fwpuclnt.dll
0x000007fee86a0000 - 0x000007fee889f000 	C:\Windows\system32\d3d9.dll
0x000007fefa940000 - 0x000007fefa947000 	C:\Windows\system32\d3d8thk.dll
0x000007fee4fc0000 - 0x000007fee5bb7000 	C:\Windows\system32\nvd3dumx.dll
0x000007fefbc70000 - 0x000007fefbc9c000 	C:\Windows\system32\powrprof.dll
0x000007fefed10000 - 0x000007fefeee7000 	C:\Windows\system32\SETUPAPI.dll
0x000007fefd6d0000 - 0x000007fefd706000 	C:\Windows\system32\CFGMGR32.dll
0x000007fefd750000 - 0x000007fefd76a000 	C:\Windows\system32\DEVOBJ.dll
0x000000006d2b0000 - 0x000000006d2d8000 	C:\Program Files\Java\jdk1.6.0_37\jre\bin\dcpr.dll
0x000000006d5f0000 - 0x000000006d5fa000 	C:\Program Files\Java\jdk1.6.0_37\jre\bin\management.dll
0x000000006d570000 - 0x000000006d5a5000 	C:\Program Files\Java\jdk1.6.0_37\jre\bin\jpeg.dll
0x0000000077110000 - 0x0000000077117000 	C:\Windows\system32\PSAPI.DLL

VM Arguments:
jvm_args: -Xmx512m -Dluxor.kernell.enabled=true -Dsw3.reports.path=file:z:/Reportes_MySQL/ -DsucursalOrigen=OFICINAS -Djdbc.url=jdbc:mysql://localhost/produccion -Dcfd.pk.path=z:/cfd/cert -Dcfd.cer.path=z:/cfd/cert -Dcfd.dir.path=c:/cfd/xml -Dcfd.xslt.path=z:/cfd/xslt/v2.2/cadenaoriginal_2_2.xslt -Dfile.encoding=Cp1252 
java_command: com.luxsoft.siipap.cxc.CXC
Launcher Type: SUN_STANDARD

Environment Variables:
JAVA_HOME=C:\Program Files (x86)\Java\jdk1.6.0_32
PATH=C:\Program Files (x86)\CollabNet\Subversion Client;C:\Program Files (x86)\Java\jdk1.6.0_32\BIN;C:\luxsofnet\springsource\apache-maven-3.0.3\BIN;C:\Windows\system32;C:\Windows;C:\Windows\System32\Wbem;C:\Windows\System32\WindowsPowerShell\v1.0\;c:\Program Files (x86)\Hewlett-Packard\HP ProtectTools Security Manager\Bin\;c:\Program Files\Intel\DMIX;C:\Program Files (x86)\Intel\Services\IPT\;;C:\springsource\spring-roo-1.2.2.RELEASE\bin;C:\Program Files\TortoiseSVN\bin;C:\grails\grails-2.3.4\bin;C:\luxsofnet\software\xmlbeans-2.5.0\bin;C:\Program Files (x86)\GnuWin32\bin;C:\software\apache-tomcat-7.0.32\bin;C:\Program Files\SlikSvn\bin;C:\Program Files (x86)\MySQL\MySQL Server 5.0\bin;C:\Program Files (x86)\CollabNet\Subversion Client;C:\Program Files (x86)\Java\jdk1.6.0_32\BIN;C:\luxsofnet\springsource\apache-maven-3.0.3\BIN;C:\Windows\system32;C:\Windows;C:\Windows\System32\Wbem;C:\Windows\System32\WindowsPowerShell\v1.0\;c:\Program Files (x86)\Hewlett-Packard\HP ProtectTools Security Manager\Bin\;c:\Program Files\Intel\DMIX;C:\Program Files (x86)\Intel\Services\IPT\;;C:\springsource\spring-roo-1.2.2.RELEASE\bin;C:\Program Files\TortoiseSVN\bin;C:\grails\grails-2.3.4\bin;C:\luxsofnet\software\xmlbeans-2.5.0\bin;C:\Program Files (x86)\GnuWin32\bin;C:\software\apache-tomcat-7.0.32\bin;C:\Program Files\SlikSvn\bin;C:\Program Files (x86)\MySQL\MySQL Server 5.0\bin;C:\PROGRA~2\Aspel\ASPEL-~1.5;
USERNAME=RUBEN
OS=Windows_NT
PROCESSOR_IDENTIFIER=Intel64 Family 6 Model 42 Stepping 7, GenuineIntel



---------------  S Y S T E M  ---------------

OS: Windows 7 , 64 bit Build 7601 Service Pack 1

CPU:total 4 (4 cores per cpu, 1 threads per core) family 6 model 42 stepping 7, cmov, cx8, fxsr, mmx, sse, sse2, sse3, ssse3, sse4.1, sse4.2, popcnt

Memory: 4k page, physical 4151328k(1513592k free), swap 8300812k(3550028k free)

vm_info: Java HotSpot(TM) 64-Bit Server VM (20.12-b01) for windows-amd64 JRE (1.6.0_37-b06), built on Sep 24 2012 11:45:14 by "java_re" with MS VC++ 8.0 (VS2005)

time: Wed Jan 08 16:27:33 2014
elapsed time: 106 seconds

